Flow report for lab3
Sat Nov 03 19:18:20 2018
Quartus II Version 9.1 Build 222 10/21/2009 SJ Web Edition


---------------------
; Table of Contents ;
---------------------
  1. Legal Notice
  2. Flow Summary
  3. Flow Settings
  4. Flow Non-Default Global Settings
  5. Flow Elapsed Time
  6. Flow OS Summary
  7. Flow Log



----------------
; Legal Notice ;
----------------
Copyright (C) 1991-2009 Altera Corporation
Your use of Altera Corporation's design tools, logic functions 
and other software and tools, and its AMPP partner logic 
functions, and any output files from any of the foregoing 
(including device programming or simulation files), and any 
associated documentation or information are expressly subject 
to the terms and conditions of the Altera Program License 
Subscription Agreement, Altera MegaCore Function License 
Agreement, or other applicable license agreement, including, 
without limitation, that your use is for the sole purpose of 
programming logic devices manufactured by Altera and sold by 
Altera or its authorized distributors.  Please refer to the 
applicable agreement for further details.



+-------------------------------------------------------------------------+
; Flow Summary                                                            ;
+-------------------------------+-----------------------------------------+
; Flow Status                   ; Successful - Sat Nov 03 19:18:20 2018   ;
; Quartus II Version            ; 9.1 Build 222 10/21/2009 SJ Web Edition ;
; Revision Name                 ; lab3                                    ;
; Top-level Entity Name         ; lab3                                    ;
; Family                        ; Stratix III                             ;
; Device                        ; EP3SE50F780I4L                          ;
; Timing Models                 ; Final                                   ;
; Met timing requirements       ; N/A                                     ;
; Logic utilization             ; < 1 %                                   ;
;     Combinational ALUTs       ; 75 / 38,000 ( < 1 % )                   ;
;     Memory ALUTs              ; 0 / 19,000 ( 0 % )                      ;
;     Dedicated logic registers ; 48 / 38,000 ( < 1 % )                   ;
; Total registers               ; 48                                      ;
; Total pins                    ; 86 / 488 ( 18 % )                       ;
; Total virtual pins            ; 0                                       ;
; Total block memory bits       ; 2,048 / 5,455,872 ( < 1 % )             ;
; DSP block 18-bit elements     ; 0 / 384 ( 0 % )                         ;
; Total PLLs                    ; 0 / 4 ( 0 % )                           ;
; Total DLLs                    ; 0 / 4 ( 0 % )                           ;
+-------------------------------+-----------------------------------------+


+-----------------------------------------+
; Flow Settings                           ;
+-------------------+---------------------+
; Option            ; Setting             ;
+-------------------+---------------------+
; Start date & time ; 11/03/2018 19:16:45 ;
; Main task         ; Compilation         ;
; Revision Name     ; lab3                ;
+-------------------+---------------------+


+--------------------------------------------------------------------------------------------------------------------+
; Flow Non-Default Global Settings                                                                                   ;
+------------------------------------+--------------------------------+---------------+-------------+----------------+
; Assignment Name                    ; Value                          ; Default Value ; Entity Name ; Section Id     ;
+------------------------------------+--------------------------------+---------------+-------------+----------------+
; COMPILER_SIGNATURE_ID              ; 31573053168969.154126180506960 ; --            ; --          ; --             ;
; IP_TOOL_NAME                       ; LPM_ROM                        ; --            ; --          ; --             ;
; IP_TOOL_NAME                       ; LPM_FF                         ; --            ; --          ; --             ;
; IP_TOOL_NAME                       ; LPM_BUSTRI                     ; --            ; --          ; --             ;
; IP_TOOL_NAME                       ; LPM_ROM                        ; --            ; --          ; --             ;
; IP_TOOL_NAME                       ; LPM_ADD_SUB                    ; --            ; --          ; --             ;
; IP_TOOL_NAME                       ; LPM_COUNTER                    ; --            ; --          ; --             ;
; IP_TOOL_NAME                       ; LPM_COMPARE                    ; --            ; --          ; --             ;
; IP_TOOL_NAME                       ; LPM_RAM_DQ                     ; --            ; --          ; --             ;
; IP_TOOL_NAME                       ; LPM_ROM                        ; --            ; --          ; --             ;
; IP_TOOL_NAME                       ; LPM_FF                         ; --            ; --          ; --             ;
; IP_TOOL_NAME                       ; LPM_COUNTER                    ; --            ; --          ; --             ;
; IP_TOOL_NAME                       ; LPM_DECODE                     ; --            ; --          ; --             ;
; IP_TOOL_NAME                       ; LPM_BUSTRI                     ; --            ; --          ; --             ;
; IP_TOOL_NAME                       ; LPM_BUSTRI                     ; --            ; --          ; --             ;
; IP_TOOL_NAME                       ; LPM_FF                         ; --            ; --          ; --             ;
; IP_TOOL_VERSION                    ; 9.1                            ; --            ; --          ; --             ;
; IP_TOOL_VERSION                    ; 9.1                            ; --            ; --          ; --             ;
; IP_TOOL_VERSION                    ; 9.1                            ; --            ; --          ; --             ;
; IP_TOOL_VERSION                    ; 9.1                            ; --            ; --          ; --             ;
; IP_TOOL_VERSION                    ; 9.1                            ; --            ; --          ; --             ;
; IP_TOOL_VERSION                    ; 9.1                            ; --            ; --          ; --             ;
; IP_TOOL_VERSION                    ; 9.1                            ; --            ; --          ; --             ;
; IP_TOOL_VERSION                    ; 9.1                            ; --            ; --          ; --             ;
; IP_TOOL_VERSION                    ; 9.1                            ; --            ; --          ; --             ;
; IP_TOOL_VERSION                    ; 9.1                            ; --            ; --          ; --             ;
; IP_TOOL_VERSION                    ; 9.1                            ; --            ; --          ; --             ;
; IP_TOOL_VERSION                    ; 9.1                            ; --            ; --          ; --             ;
; IP_TOOL_VERSION                    ; 9.1                            ; --            ; --          ; --             ;
; IP_TOOL_VERSION                    ; 9.1                            ; --            ; --          ; --             ;
; IP_TOOL_VERSION                    ; 9.1                            ; --            ; --          ; --             ;
; MAX_CORE_JUNCTION_TEMP             ; 100                            ; --            ; --          ; --             ;
; MIN_CORE_JUNCTION_TEMP             ; -40                            ; --            ; --          ; --             ;
; MISC_FILE                          ; lpm_rom0.tdf                   ; --            ; --          ; --             ;
; MISC_FILE                          ; lpm_rom0.bsf                   ; --            ; --          ; --             ;
; MISC_FILE                          ; lpm_dff0.tdf                   ; --            ; --          ; --             ;
; MISC_FILE                          ; lpm_dff0.bsf                   ; --            ; --          ; --             ;
; MISC_FILE                          ; lpm_bustri0.tdf                ; --            ; --          ; --             ;
; MISC_FILE                          ; lpm_bustri0.bsf                ; --            ; --          ; --             ;
; MISC_FILE                          ; lpm_rom1.tdf                   ; --            ; --          ; --             ;
; MISC_FILE                          ; lpm_rom1.bsf                   ; --            ; --          ; --             ;
; MISC_FILE                          ; lpm_add_sub0.tdf               ; --            ; --          ; --             ;
; MISC_FILE                          ; lpm_add_sub0.bsf               ; --            ; --          ; --             ;
; MISC_FILE                          ; lpm_counter0.tdf               ; --            ; --          ; --             ;
; MISC_FILE                          ; lpm_counter0.bsf               ; --            ; --          ; --             ;
; MISC_FILE                          ; lpm_compare0.tdf               ; --            ; --          ; --             ;
; MISC_FILE                          ; lpm_compare0.bsf               ; --            ; --          ; --             ;
; MISC_FILE                          ; lpm_ram_dq0.tdf                ; --            ; --          ; --             ;
; MISC_FILE                          ; lpm_ram_dq0.bsf                ; --            ; --          ; --             ;
; MISC_FILE                          ; lpm_rom2.tdf                   ; --            ; --          ; --             ;
; MISC_FILE                          ; lpm_rom2.bsf                   ; --            ; --          ; --             ;
; MISC_FILE                          ; lpm_dff1.tdf                   ; --            ; --          ; --             ;
; MISC_FILE                          ; lpm_dff1.bsf                   ; --            ; --          ; --             ;
; MISC_FILE                          ; lpm_counter1.tdf               ; --            ; --          ; --             ;
; MISC_FILE                          ; lpm_counter1.bsf               ; --            ; --          ; --             ;
; MISC_FILE                          ; lpm_decode0.tdf                ; --            ; --          ; --             ;
; MISC_FILE                          ; lpm_decode0.bsf                ; --            ; --          ; --             ;
; MISC_FILE                          ; lpm_bustri1.tdf                ; --            ; --          ; --             ;
; MISC_FILE                          ; lpm_bustri1.bsf                ; --            ; --          ; --             ;
; MISC_FILE                          ; lpm_bustri2.tdf                ; --            ; --          ; --             ;
; MISC_FILE                          ; lpm_bustri2.bsf                ; --            ; --          ; --             ;
; MISC_FILE                          ; ../2/lpm_dff0.tdf              ; --            ; --          ; --             ;
; MISC_FILE                          ; ../2/lpm_dff0.bsf              ; --            ; --          ; --             ;
; NOMINAL_CORE_SUPPLY_VOLTAGE        ; 0.9V                           ; --            ; --          ; --             ;
; PARTITION_COLOR                    ; 16764057                       ; --            ; --          ; Top            ;
; PARTITION_NETLIST_TYPE             ; SOURCE                         ; --            ; --          ; Top            ;
; USE_GENERATED_PHYSICAL_CONSTRAINTS ; Off                            ; --            ; --          ; eda_blast_fpga ;
+------------------------------------+--------------------------------+---------------+-------------+----------------+


+-------------------------------------------------------------------------------------------------------------------------------+
; Flow Elapsed Time                                                                                                             ;
+---------------------------+--------------+-------------------------+---------------------+------------------------------------+
; Module Name               ; Elapsed Time ; Average Processors Used ; Peak Virtual Memory ; Total CPU Time (on all processors) ;
+---------------------------+--------------+-------------------------+---------------------+------------------------------------+
; Analysis & Synthesis      ; 00:00:11     ; 1.0                     ; 290 MB              ; 00:00:14                           ;
; Fitter                    ; 00:00:53     ; 1.0                     ; 401 MB              ; 00:00:48                           ;
; Assembler                 ; 00:00:20     ; 1.0                     ; 357 MB              ; 00:00:16                           ;
; TimeQuest Timing Analyzer ; 00:00:17     ; 1.0                     ; 310 MB              ; 00:00:11                           ;
; Total                     ; 00:01:24     ; --                      ; --                  ; 00:01:18                           ;
+---------------------------+--------------+-------------------------+---------------------+------------------------------------+


+--------------------------------------------------------------------------------------------+
; Flow OS Summary                                                                            ;
+---------------------------+------------------+---------------+------------+----------------+
; Module Name               ; Machine Hostname ; OS Name       ; OS Version ; Processor type ;
+---------------------------+------------------+---------------+------------+----------------+
; Analysis & Synthesis      ; home             ; Windows Vista ; 6.2        ; x86_64         ;
; Fitter                    ; home             ; Windows Vista ; 6.2        ; x86_64         ;
; TimeQuest Timing Analyzer ; home             ; Windows Vista ; 6.2        ; x86_64         ;
; Assembler                 ; home             ; Windows Vista ; 6.2        ; x86_64         ;
+---------------------------+------------------+---------------+------------+----------------+


------------
; Flow Log ;
------------
quartus_map --read_settings_files=on --write_settings_files=off lab3 -c lab3
quartus_fit --read_settings_files=off --write_settings_files=off lab3 -c lab3
quartus_sta lab3 -c lab3
quartus_asm --read_settings_files=off --write_settings_files=off lab3 -c lab3



