Flow report for Lab4
Thu Nov 22 21:04:47 2018
Quartus II Version 9.1 Build 222 10/21/2009 SJ Web Edition


---------------------
; Table of Contents ;
---------------------
  1. Legal Notice
  2. Flow Summary
  3. Flow Settings
  4. Flow Non-Default Global Settings
  5. Flow Elapsed Time
  6. Flow OS Summary
  7. Flow Log



----------------
; Legal Notice ;
----------------
Copyright (C) 1991-2009 Altera Corporation
Your use of Altera Corporation's design tools, logic functions 
and other software and tools, and its AMPP partner logic 
functions, and any output files from any of the foregoing 
(including device programming or simulation files), and any 
associated documentation or information are expressly subject 
to the terms and conditions of the Altera Program License 
Subscription Agreement, Altera MegaCore Function License 
Agreement, or other applicable license agreement, including, 
without limitation, that your use is for the sole purpose of 
programming logic devices manufactured by Altera and sold by 
Altera or its authorized distributors.  Please refer to the 
applicable agreement for further details.



+-------------------------------------------------------------------------+
; Flow Summary                                                            ;
+-------------------------------+-----------------------------------------+
; Flow Status                   ; Successful - Thu Nov 22 21:04:47 2018   ;
; Quartus II Version            ; 9.1 Build 222 10/21/2009 SJ Web Edition ;
; Revision Name                 ; Lab4                                    ;
; Top-level Entity Name         ; main                                    ;
; Family                        ; Stratix II                              ;
; Met timing requirements       ; Yes                                     ;
; Logic utilization             ; 1 %                                     ;
;     Combinational ALUTs       ; 102 / 12,480 ( < 1 % )                  ;
;     Dedicated logic registers ; 125 / 12,480 ( 1 % )                    ;
; Total registers               ; 125                                     ;
; Total pins                    ; 47 / 343 ( 14 % )                       ;
; Total virtual pins            ; 0                                       ;
; Total block memory bits       ; 768 / 419,328 ( < 1 % )                 ;
; DSP block 9-bit elements      ; 0 / 96 ( 0 % )                          ;
; Total PLLs                    ; 0 / 6 ( 0 % )                           ;
; Total DLLs                    ; 0 / 2 ( 0 % )                           ;
; Device                        ; EP2S15F484C3                            ;
; Timing Models                 ; Final                                   ;
+-------------------------------+-----------------------------------------+


+-----------------------------------------+
; Flow Settings                           ;
+-------------------+---------------------+
; Option            ; Setting             ;
+-------------------+---------------------+
; Start date & time ; 11/22/2018 21:04:16 ;
; Main task         ; Compilation         ;
; Revision Name     ; Lab4                ;
+-------------------+---------------------+


+--------------------------------------------------------------------------------------------------------------------+
; Flow Non-Default Global Settings                                                                                   ;
+------------------------------------+--------------------------------+---------------+-------------+----------------+
; Assignment Name                    ; Value                          ; Default Value ; Entity Name ; Section Id     ;
+------------------------------------+--------------------------------+---------------+-------------+----------------+
; COMPILER_SIGNATURE_ID              ; 48791039367350.154290985620132 ; --            ; --          ; --             ;
; IP_TOOL_NAME                       ; LPM_FF                         ; --            ; --          ; --             ;
; IP_TOOL_NAME                       ; LPM_BUSTRI                     ; --            ; --          ; --             ;
; IP_TOOL_NAME                       ; LPM_DECODE                     ; --            ; --          ; --             ;
; IP_TOOL_NAME                       ; LPM_FF                         ; --            ; --          ; --             ;
; IP_TOOL_NAME                       ; LPM_BUSTRI                     ; --            ; --          ; --             ;
; IP_TOOL_NAME                       ; LPM_FF                         ; --            ; --          ; --             ;
; IP_TOOL_NAME                       ; LPM_FF                         ; --            ; --          ; --             ;
; IP_TOOL_NAME                       ; LPM_BUSTRI                     ; --            ; --          ; --             ;
; IP_TOOL_NAME                       ; LPM_BUSTRI                     ; --            ; --          ; --             ;
; IP_TOOL_NAME                       ; LPM_FF                         ; --            ; --          ; --             ;
; IP_TOOL_NAME                       ; LPM_FF                         ; --            ; --          ; --             ;
; IP_TOOL_NAME                       ; LPM_BUSTRI                     ; --            ; --          ; --             ;
; IP_TOOL_NAME                       ; LPM_BUSTRI                     ; --            ; --          ; --             ;
; IP_TOOL_NAME                       ; LPM_FF                         ; --            ; --          ; --             ;
; IP_TOOL_NAME                       ; LPM_FF                         ; --            ; --          ; --             ;
; IP_TOOL_NAME                       ; LPM_BUSTRI                     ; --            ; --          ; --             ;
; IP_TOOL_NAME                       ; LPM_BUSTRI                     ; --            ; --          ; --             ;
; IP_TOOL_NAME                       ; LPM_FF                         ; --            ; --          ; --             ;
; IP_TOOL_NAME                       ; LPM_COUNTER                    ; --            ; --          ; --             ;
; IP_TOOL_NAME                       ; LPM_BUSTRI                     ; --            ; --          ; --             ;
; IP_TOOL_NAME                       ; LPM_COMPARE                    ; --            ; --          ; --             ;
; IP_TOOL_NAME                       ; LPM_COUNTER                    ; --            ; --          ; --             ;
; IP_TOOL_NAME                       ; LPM_DECODE                     ; --            ; --          ; --             ;
; IP_TOOL_NAME                       ; LPM_BUSTRI                     ; --            ; --          ; --             ;
; IP_TOOL_NAME                       ; LPM_BUSTRI                     ; --            ; --          ; --             ;
; IP_TOOL_NAME                       ; LPM_COUNTER                    ; --            ; --          ; --             ;
; IP_TOOL_NAME                       ; LPM_DECODE                     ; --            ; --          ; --             ;
; IP_TOOL_NAME                       ; LPM_COUNTER                    ; --            ; --          ; --             ;
; IP_TOOL_NAME                       ; LPM_COUNTER                    ; --            ; --          ; --             ;
; IP_TOOL_NAME                       ; LPM_FF                         ; --            ; --          ; --             ;
; IP_TOOL_NAME                       ; LPM_BUSTRI                     ; --            ; --          ; --             ;
; IP_TOOL_NAME                       ; LPM_BUSTRI                     ; --            ; --          ; --             ;
; IP_TOOL_NAME                       ; LPM_DECODE                     ; --            ; --          ; --             ;
; IP_TOOL_NAME                       ; LPM_BUSTRI                     ; --            ; --          ; --             ;
; IP_TOOL_NAME                       ; LPM_BUSTRI                     ; --            ; --          ; --             ;
; IP_TOOL_NAME                       ; LPM_FF                         ; --            ; --          ; --             ;
; IP_TOOL_NAME                       ; LPM_ROM                        ; --            ; --          ; --             ;
; IP_TOOL_NAME                       ; LPM_FF                         ; --            ; --          ; --             ;
; IP_TOOL_NAME                       ; LPM_MUX                        ; --            ; --          ; --             ;
; IP_TOOL_NAME                       ; LPM_BUSTRI                     ; --            ; --          ; --             ;
; IP_TOOL_NAME                       ; LPM_BUSTRI                     ; --            ; --          ; --             ;
; IP_TOOL_NAME                       ; LPM_FF                         ; --            ; --          ; --             ;
; IP_TOOL_NAME                       ; LPM_ADD_SUB                    ; --            ; --          ; --             ;
; IP_TOOL_NAME                       ; LPM_COUNTER                    ; --            ; --          ; --             ;
; IP_TOOL_NAME                       ; LPM_COMPARE                    ; --            ; --          ; --             ;
; IP_TOOL_NAME                       ; LPM_ADD_SUB                    ; --            ; --          ; --             ;
; IP_TOOL_NAME                       ; LPM_ADD_SUB                    ; --            ; --          ; --             ;
; IP_TOOL_VERSION                    ; 9.1                            ; --            ; --          ; --             ;
; IP_TOOL_VERSION                    ; 9.1                            ; --            ; --          ; --             ;
; IP_TOOL_VERSION                    ; 9.1                            ; --            ; --          ; --             ;
; IP_TOOL_VERSION                    ; 9.1                            ; --            ; --          ; --             ;
; IP_TOOL_VERSION                    ; 9.1                            ; --            ; --          ; --             ;
; IP_TOOL_VERSION                    ; 9.1                            ; --            ; --          ; --             ;
; IP_TOOL_VERSION                    ; 9.1                            ; --            ; --          ; --             ;
; IP_TOOL_VERSION                    ; 9.1                            ; --            ; --          ; --             ;
; IP_TOOL_VERSION                    ; 9.1                            ; --            ; --          ; --             ;
; IP_TOOL_VERSION                    ; 9.1                            ; --            ; --          ; --             ;
; IP_TOOL_VERSION                    ; 9.1                            ; --            ; --          ; --             ;
; IP_TOOL_VERSION                    ; 9.1                            ; --            ; --          ; --             ;
; IP_TOOL_VERSION                    ; 9.1                            ; --            ; --          ; --             ;
; IP_TOOL_VERSION                    ; 9.1                            ; --            ; --          ; --             ;
; IP_TOOL_VERSION                    ; 9.1                            ; --            ; --          ; --             ;
; IP_TOOL_VERSION                    ; 9.1                            ; --            ; --          ; --             ;
; IP_TOOL_VERSION                    ; 9.1                            ; --            ; --          ; --             ;
; IP_TOOL_VERSION                    ; 9.1                            ; --            ; --          ; --             ;
; IP_TOOL_VERSION                    ; 9.1                            ; --            ; --          ; --             ;
; IP_TOOL_VERSION                    ; 9.1                            ; --            ; --          ; --             ;
; IP_TOOL_VERSION                    ; 9.1                            ; --            ; --          ; --             ;
; IP_TOOL_VERSION                    ; 9.1                            ; --            ; --          ; --             ;
; IP_TOOL_VERSION                    ; 9.1                            ; --            ; --          ; --             ;
; IP_TOOL_VERSION                    ; 9.1                            ; --            ; --          ; --             ;
; IP_TOOL_VERSION                    ; 9.1                            ; --            ; --          ; --             ;
; IP_TOOL_VERSION                    ; 9.1                            ; --            ; --          ; --             ;
; IP_TOOL_VERSION                    ; 9.1                            ; --            ; --          ; --             ;
; IP_TOOL_VERSION                    ; 9.1                            ; --            ; --          ; --             ;
; IP_TOOL_VERSION                    ; 9.1                            ; --            ; --          ; --             ;
; IP_TOOL_VERSION                    ; 9.1                            ; --            ; --          ; --             ;
; IP_TOOL_VERSION                    ; 9.1                            ; --            ; --          ; --             ;
; IP_TOOL_VERSION                    ; 9.1                            ; --            ; --          ; --             ;
; IP_TOOL_VERSION                    ; 9.1                            ; --            ; --          ; --             ;
; IP_TOOL_VERSION                    ; 9.1                            ; --            ; --          ; --             ;
; IP_TOOL_VERSION                    ; 9.1                            ; --            ; --          ; --             ;
; IP_TOOL_VERSION                    ; 9.1                            ; --            ; --          ; --             ;
; IP_TOOL_VERSION                    ; 9.1                            ; --            ; --          ; --             ;
; IP_TOOL_VERSION                    ; 9.1                            ; --            ; --          ; --             ;
; IP_TOOL_VERSION                    ; 9.1                            ; --            ; --          ; --             ;
; IP_TOOL_VERSION                    ; 9.1                            ; --            ; --          ; --             ;
; IP_TOOL_VERSION                    ; 9.1                            ; --            ; --          ; --             ;
; IP_TOOL_VERSION                    ; 9.1                            ; --            ; --          ; --             ;
; IP_TOOL_VERSION                    ; 9.1                            ; --            ; --          ; --             ;
; IP_TOOL_VERSION                    ; 9.1                            ; --            ; --          ; --             ;
; IP_TOOL_VERSION                    ; 9.1                            ; --            ; --          ; --             ;
; IP_TOOL_VERSION                    ; 9.1                            ; --            ; --          ; --             ;
; IP_TOOL_VERSION                    ; 9.1                            ; --            ; --          ; --             ;
; MISC_FILE                          ; lpm_dff0.bsf                   ; --            ; --          ; --             ;
; MISC_FILE                          ; lpm_dff0_bb.v                  ; --            ; --          ; --             ;
; MISC_FILE                          ; lpm_bustri2.bsf                ; --            ; --          ; --             ;
; MISC_FILE                          ; lpm_bustri2_bb.v               ; --            ; --          ; --             ;
; MISC_FILE                          ; lpm_decode0.bsf                ; --            ; --          ; --             ;
; MISC_FILE                          ; lpm_decode0_bb.v               ; --            ; --          ; --             ;
; MISC_FILE                          ; lpm_dff1.bsf                   ; --            ; --          ; --             ;
; MISC_FILE                          ; lpm_dff1_bb.v                  ; --            ; --          ; --             ;
; MISC_FILE                          ; lpm_bustri3.bsf                ; --            ; --          ; --             ;
; MISC_FILE                          ; lpm_bustri3_bb.v               ; --            ; --          ; --             ;
; MISC_FILE                          ; lpm_dff2.bsf                   ; --            ; --          ; --             ;
; MISC_FILE                          ; lpm_dff2_bb.v                  ; --            ; --          ; --             ;
; MISC_FILE                          ; lpm_dff3.bsf                   ; --            ; --          ; --             ;
; MISC_FILE                          ; lpm_dff3_bb.v                  ; --            ; --          ; --             ;
; MISC_FILE                          ; lpm_bustri4.bsf                ; --            ; --          ; --             ;
; MISC_FILE                          ; lpm_bustri4_bb.v               ; --            ; --          ; --             ;
; MISC_FILE                          ; lpm_bustri5.bsf                ; --            ; --          ; --             ;
; MISC_FILE                          ; lpm_bustri5_bb.v               ; --            ; --          ; --             ;
; MISC_FILE                          ; lpm_dff4.bsf                   ; --            ; --          ; --             ;
; MISC_FILE                          ; lpm_dff4_bb.v                  ; --            ; --          ; --             ;
; MISC_FILE                          ; lpm_dff5.bsf                   ; --            ; --          ; --             ;
; MISC_FILE                          ; lpm_dff5_bb.v                  ; --            ; --          ; --             ;
; MISC_FILE                          ; lpm_bustri6.bsf                ; --            ; --          ; --             ;
; MISC_FILE                          ; lpm_bustri6_bb.v               ; --            ; --          ; --             ;
; MISC_FILE                          ; lpm_bustri7.bsf                ; --            ; --          ; --             ;
; MISC_FILE                          ; lpm_bustri7_bb.v               ; --            ; --          ; --             ;
; MISC_FILE                          ; lpm_dff6.bsf                   ; --            ; --          ; --             ;
; MISC_FILE                          ; lpm_dff6_bb.v                  ; --            ; --          ; --             ;
; MISC_FILE                          ; lpm_dff7.bsf                   ; --            ; --          ; --             ;
; MISC_FILE                          ; lpm_dff7_bb.v                  ; --            ; --          ; --             ;
; MISC_FILE                          ; lpm_bustri8.bsf                ; --            ; --          ; --             ;
; MISC_FILE                          ; lpm_bustri8_bb.v               ; --            ; --          ; --             ;
; MISC_FILE                          ; lpm_bustri9.bsf                ; --            ; --          ; --             ;
; MISC_FILE                          ; lpm_bustri9_bb.v               ; --            ; --          ; --             ;
; MISC_FILE                          ; lpm_dff8.bsf                   ; --            ; --          ; --             ;
; MISC_FILE                          ; lpm_dff8_bb.v                  ; --            ; --          ; --             ;
; MISC_FILE                          ; lpm_counter0.bsf               ; --            ; --          ; --             ;
; MISC_FILE                          ; lpm_counter0_bb.v              ; --            ; --          ; --             ;
; MISC_FILE                          ; lpm_bustri10.bsf               ; --            ; --          ; --             ;
; MISC_FILE                          ; lpm_bustri10_bb.v              ; --            ; --          ; --             ;
; MISC_FILE                          ; lpm_compare0.bsf               ; --            ; --          ; --             ;
; MISC_FILE                          ; lpm_compare0_bb.v              ; --            ; --          ; --             ;
; MISC_FILE                          ; lpm_counter1.bsf               ; --            ; --          ; --             ;
; MISC_FILE                          ; lpm_counter1_bb.v              ; --            ; --          ; --             ;
; MISC_FILE                          ; lpm_decode1.bsf                ; --            ; --          ; --             ;
; MISC_FILE                          ; lpm_decode1_bb.v               ; --            ; --          ; --             ;
; MISC_FILE                          ; lpm_bustri11.bsf               ; --            ; --          ; --             ;
; MISC_FILE                          ; lpm_bustri11_bb.v              ; --            ; --          ; --             ;
; MISC_FILE                          ; lpm_bustri12.bsf               ; --            ; --          ; --             ;
; MISC_FILE                          ; lpm_bustri12_bb.v              ; --            ; --          ; --             ;
; MISC_FILE                          ; lpm_counter2.bsf               ; --            ; --          ; --             ;
; MISC_FILE                          ; lpm_counter2_bb.v              ; --            ; --          ; --             ;
; MISC_FILE                          ; lpm_decode2.bsf                ; --            ; --          ; --             ;
; MISC_FILE                          ; lpm_decode2_bb.v               ; --            ; --          ; --             ;
; MISC_FILE                          ; lpm_counter3.bsf               ; --            ; --          ; --             ;
; MISC_FILE                          ; lpm_counter3_bb.v              ; --            ; --          ; --             ;
; MISC_FILE                          ; lpm_counter4.bsf               ; --            ; --          ; --             ;
; MISC_FILE                          ; lpm_counter4_bb.v              ; --            ; --          ; --             ;
; MISC_FILE                          ; lpm_dff14.bsf                  ; --            ; --          ; --             ;
; MISC_FILE                          ; lpm_dff14_bb.v                 ; --            ; --          ; --             ;
; MISC_FILE                          ; lpm_bustri13.bsf               ; --            ; --          ; --             ;
; MISC_FILE                          ; lpm_bustri13_bb.v              ; --            ; --          ; --             ;
; MISC_FILE                          ; lpm_bustri14.bsf               ; --            ; --          ; --             ;
; MISC_FILE                          ; lpm_bustri14_bb.v              ; --            ; --          ; --             ;
; MISC_FILE                          ; lpm_decode3.bsf                ; --            ; --          ; --             ;
; MISC_FILE                          ; lpm_decode3_bb.v               ; --            ; --          ; --             ;
; MISC_FILE                          ; lpm_bustri15.bsf               ; --            ; --          ; --             ;
; MISC_FILE                          ; lpm_bustri15_bb.v              ; --            ; --          ; --             ;
; MISC_FILE                          ; lpm_bustri16.bsf               ; --            ; --          ; --             ;
; MISC_FILE                          ; lpm_bustri16_bb.v              ; --            ; --          ; --             ;
; MISC_FILE                          ; lpm_dff15.bsf                  ; --            ; --          ; --             ;
; MISC_FILE                          ; lpm_dff15_bb.v                 ; --            ; --          ; --             ;
; MISC_FILE                          ; lpm_rom0.bsf                   ; --            ; --          ; --             ;
; MISC_FILE                          ; lpm_rom0_bb.v                  ; --            ; --          ; --             ;
; MISC_FILE                          ; lpm_dff16.bsf                  ; --            ; --          ; --             ;
; MISC_FILE                          ; lpm_dff16_bb.v                 ; --            ; --          ; --             ;
; MISC_FILE                          ; lpm_mux0.bsf                   ; --            ; --          ; --             ;
; MISC_FILE                          ; lpm_mux0_bb.v                  ; --            ; --          ; --             ;
; MISC_FILE                          ; lpm_bustri17.bsf               ; --            ; --          ; --             ;
; MISC_FILE                          ; lpm_bustri17_bb.v              ; --            ; --          ; --             ;
; MISC_FILE                          ; lpm_bustri18.bsf               ; --            ; --          ; --             ;
; MISC_FILE                          ; lpm_bustri18_bb.v              ; --            ; --          ; --             ;
; MISC_FILE                          ; lpm_dff17.bsf                  ; --            ; --          ; --             ;
; MISC_FILE                          ; lpm_dff17_bb.v                 ; --            ; --          ; --             ;
; MISC_FILE                          ; lpm_add_sub0.bsf               ; --            ; --          ; --             ;
; MISC_FILE                          ; lpm_add_sub0_bb.v              ; --            ; --          ; --             ;
; MISC_FILE                          ; lpm_counter5.bsf               ; --            ; --          ; --             ;
; MISC_FILE                          ; lpm_counter5_bb.v              ; --            ; --          ; --             ;
; MISC_FILE                          ; lpm_compare1.bsf               ; --            ; --          ; --             ;
; MISC_FILE                          ; lpm_compare1_bb.v              ; --            ; --          ; --             ;
; MISC_FILE                          ; lpm_add_sub1.bsf               ; --            ; --          ; --             ;
; MISC_FILE                          ; lpm_add_sub1_bb.v              ; --            ; --          ; --             ;
; MISC_FILE                          ; lpm_add_sub2.bsf               ; --            ; --          ; --             ;
; MISC_FILE                          ; lpm_add_sub2_bb.v              ; --            ; --          ; --             ;
; PARTITION_COLOR                    ; 16764057                       ; --            ; main        ; Top            ;
; PARTITION_NETLIST_TYPE             ; SOURCE                         ; --            ; main        ; Top            ;
; TOP_LEVEL_ENTITY                   ; main                           ; Lab4          ; --          ; --             ;
; USE_GENERATED_PHYSICAL_CONSTRAINTS ; Off                            ; --            ; --          ; eda_blast_fpga ;
+------------------------------------+--------------------------------+---------------+-------------+----------------+


+-----------------------------------------------------------------------------------------------------------------------------+
; Flow Elapsed Time                                                                                                           ;
+-------------------------+--------------+-------------------------+---------------------+------------------------------------+
; Module Name             ; Elapsed Time ; Average Processors Used ; Peak Virtual Memory ; Total CPU Time (on all processors) ;
+-------------------------+--------------+-------------------------+---------------------+------------------------------------+
; Analysis & Synthesis    ; 00:00:10     ; 1.0                     ; 264 MB              ; 00:00:07                           ;
; Fitter                  ; 00:00:06     ; 1.0                     ; 313 MB              ; 00:00:05                           ;
; Assembler               ; 00:00:03     ; 1.0                     ; 268 MB              ; 00:00:02                           ;
; Classic Timing Analyzer ; 00:00:00     ; 1.0                     ; 198 MB              ; 00:00:01                           ;
; Total                   ; 00:00:19     ; --                      ; --                  ; 00:00:15                           ;
+-------------------------+--------------+-------------------------+---------------------+------------------------------------+


+------------------------------------------------------------------------------------------+
; Flow OS Summary                                                                          ;
+-------------------------+------------------+---------------+------------+----------------+
; Module Name             ; Machine Hostname ; OS Name       ; OS Version ; Processor type ;
+-------------------------+------------------+---------------+------------+----------------+
; Analysis & Synthesis    ; PC               ; Windows Vista ; 6.2        ; x86_64         ;
; Fitter                  ; PC               ; Windows Vista ; 6.2        ; x86_64         ;
; Assembler               ; PC               ; Windows Vista ; 6.2        ; x86_64         ;
; Classic Timing Analyzer ; PC               ; Windows Vista ; 6.2        ; x86_64         ;
+-------------------------+------------------+---------------+------------+----------------+


------------
; Flow Log ;
------------
quartus_map --read_settings_files=on --write_settings_files=off Lab4 -c Lab4
quartus_fit --read_settings_files=off --write_settings_files=off Lab4 -c Lab4
quartus_asm --read_settings_files=off --write_settings_files=off Lab4 -c Lab4
quartus_tan --read_settings_files=off --write_settings_files=off Lab4 -c Lab4 --timing_analysis_only



