Analysis & Synthesis report for Block1
Fri Sep 28 15:00:38 2018
Quartus II Version 9.1 Build 222 10/21/2009 SJ Web Edition


---------------------
; Table of Contents ;
---------------------
  1. Legal Notice
  2. Analysis & Synthesis Summary
  3. Analysis & Synthesis Settings
  4. Parallel Compilation
  5. Analysis & Synthesis Source Files Read
  6. Analysis & Synthesis Resource Usage Summary
  7. Analysis & Synthesis Resource Utilization by Entity
  8. General Register Statistics
  9. Source assignments for Block2_0:inst3|lpm_counter7:inst6|lpm_counter:lpm_counter_component
 10. Source assignments for Block1:inst|lpm_add_sub1:inst7|lpm_add_sub:lpm_add_sub_component|addcore:adder
 11. Source assignments for Block1:inst|lpm_add_sub0:inst3|lpm_add_sub:lpm_add_sub_component|addcore:adder
 12. Source assignments for Block1:inst|lpm_counter0:inst|lpm_counter:lpm_counter_component
 13. Source assignments for lpm_counter2:inst4|lpm_counter:lpm_counter_component
 14. Source assignments for Block3:inst2|lpm_counter2:inst5|lpm_counter:lpm_counter_component
 15. Parameter Settings for User Entity Instance: Block2_0:inst3|lpm_compare6:inst1|lpm_compare:lpm_compare_component
 16. Parameter Settings for User Entity Instance: Block2_0:inst3|lpm_counter7:inst6|lpm_counter:lpm_counter_component
 17. Parameter Settings for User Entity Instance: Block2_0:inst3|lpm_compare7:inst2|lpm_compare:lpm_compare_component
 18. Parameter Settings for User Entity Instance: Block1:inst|lpm_compare1:inst6|lpm_compare:lpm_compare_component
 19. Parameter Settings for User Entity Instance: Block1:inst|lpm_add_sub1:inst7|lpm_add_sub:lpm_add_sub_component
 20. Parameter Settings for User Entity Instance: Block1:inst|lpm_add_sub0:inst3|lpm_add_sub:lpm_add_sub_component
 21. Parameter Settings for User Entity Instance: Block1:inst|lpm_counter0:inst|lpm_counter:lpm_counter_component
 22. Parameter Settings for User Entity Instance: Block1:inst|lpm_compare0:inst4|lpm_compare:lpm_compare_component
 23. Parameter Settings for User Entity Instance: lpm_counter2:inst4|lpm_counter:lpm_counter_component
 24. Parameter Settings for User Entity Instance: Block3:inst2|lpm_decode0:inst|lpm_decode:lpm_decode_component
 25. Parameter Settings for User Entity Instance: Block3:inst2|lpm_counter2:inst5|lpm_counter:lpm_counter_component
 26. Analysis & Synthesis Messages



----------------
; Legal Notice ;
----------------
Copyright (C) 1991-2009 Altera Corporation
Your use of Altera Corporation's design tools, logic functions 
and other software and tools, and its AMPP partner logic 
functions, and any output files from any of the foregoing 
(including device programming or simulation files), and any 
associated documentation or information are expressly subject 
to the terms and conditions of the Altera Program License 
Subscription Agreement, Altera MegaCore Function License 
Agreement, or other applicable license agreement, including, 
without limitation, that your use is for the sole purpose of 
programming logic devices manufactured by Altera and sold by 
Altera or its authorized distributors.  Please refer to the 
applicable agreement for further details.



+-----------------------------------------------------------------------+
; Analysis & Synthesis Summary                                          ;
+-----------------------------+-----------------------------------------+
; Analysis & Synthesis Status ; Successful - Fri Sep 28 15:00:38 2018   ;
; Quartus II Version          ; 9.1 Build 222 10/21/2009 SJ Web Edition ;
; Revision Name               ; Block1                                  ;
; Top-level Entity Name       ; Lab2                                    ;
; Family                      ; MAX II                                  ;
; Total logic elements        ; 79                                      ;
; Total pins                  ; 43                                      ;
; Total virtual pins          ; 0                                       ;
; UFM blocks                  ; 0 / 1 ( 0 % )                           ;
+-----------------------------+-----------------------------------------+


+----------------------------------------------------------------------------------------------------------------------+
; Analysis & Synthesis Settings                                                                                        ;
+----------------------------------------------------------------------------+--------------------+--------------------+
; Option                                                                     ; Setting            ; Default Value      ;
+----------------------------------------------------------------------------+--------------------+--------------------+
; Top-level entity name                                                      ; Lab2               ; Block1             ;
; Family name                                                                ; MAX II             ; Stratix II         ;
; Use Generated Physical Constraints File                                    ; Off                ;                    ;
; Use smart compilation                                                      ; Off                ; Off                ;
; Enable parallel Assembler and TimeQuest Timing Analyzer during compilation ; On                 ; On                 ;
; Enable compact report table                                                ; Off                ; Off                ;
; Restructure Multiplexers                                                   ; Auto               ; Auto               ;
; Create Debugging Nodes for IP Cores                                        ; Off                ; Off                ;
; Preserve fewer node names                                                  ; On                 ; On                 ;
; Disable OpenCore Plus hardware evaluation                                  ; Off                ; Off                ;
; Verilog Version                                                            ; Verilog_2001       ; Verilog_2001       ;
; VHDL Version                                                               ; VHDL_1993          ; VHDL_1993          ;
; State Machine Processing                                                   ; Auto               ; Auto               ;
; Safe State Machine                                                         ; Off                ; Off                ;
; Extract Verilog State Machines                                             ; On                 ; On                 ;
; Extract VHDL State Machines                                                ; On                 ; On                 ;
; Ignore Verilog initial constructs                                          ; Off                ; Off                ;
; Iteration limit for constant Verilog loops                                 ; 5000               ; 5000               ;
; Iteration limit for non-constant Verilog loops                             ; 250                ; 250                ;
; Add Pass-Through Logic to Inferred RAMs                                    ; On                 ; On                 ;
; Parallel Synthesis                                                         ; On                 ; On                 ;
; NOT Gate Push-Back                                                         ; On                 ; On                 ;
; Power-Up Don't Care                                                        ; On                 ; On                 ;
; Remove Redundant Logic Cells                                               ; Off                ; Off                ;
; Remove Duplicate Registers                                                 ; On                 ; On                 ;
; Ignore CARRY Buffers                                                       ; Off                ; Off                ;
; Ignore CASCADE Buffers                                                     ; Off                ; Off                ;
; Ignore GLOBAL Buffers                                                      ; Off                ; Off                ;
; Ignore ROW GLOBAL Buffers                                                  ; Off                ; Off                ;
; Ignore LCELL Buffers                                                       ; Off                ; Off                ;
; Ignore SOFT Buffers                                                        ; On                 ; On                 ;
; Limit AHDL Integers to 32 Bits                                             ; Off                ; Off                ;
; Optimization Technique                                                     ; Balanced           ; Balanced           ;
; Carry Chain Length                                                         ; 70                 ; 70                 ;
; Auto Carry Chains                                                          ; On                 ; On                 ;
; Auto Open-Drain Pins                                                       ; On                 ; On                 ;
; Perform WYSIWYG Primitive Resynthesis                                      ; Off                ; Off                ;
; Auto Shift Register Replacement                                            ; Auto               ; Auto               ;
; Auto Clock Enable Replacement                                              ; On                 ; On                 ;
; Allow Synchronous Control Signals                                          ; On                 ; On                 ;
; Force Use of Synchronous Clear Signals                                     ; Off                ; Off                ;
; Auto Resource Sharing                                                      ; Off                ; Off                ;
; Use LogicLock Constraints during Resource Balancing                        ; On                 ; On                 ;
; Ignore translate_off and synthesis_off directives                          ; Off                ; Off                ;
; Show Parameter Settings Tables in Synthesis Report                         ; On                 ; On                 ;
; Ignore Maximum Fan-Out Assignments                                         ; Off                ; Off                ;
; Synchronization Register Chain Length                                      ; 2                  ; 2                  ;
; PowerPlay Power Optimization                                               ; Normal compilation ; Normal compilation ;
; HDL message level                                                          ; Level2             ; Level2             ;
; Suppress Register Optimization Related Messages                            ; Off                ; Off                ;
; Number of Removed Registers Reported in Synthesis Report                   ; 100                ; 100                ;
; Number of Inverted Registers Reported in Synthesis Report                  ; 100                ; 100                ;
; Clock MUX Protection                                                       ; On                 ; On                 ;
; Block Design Naming                                                        ; Auto               ; Auto               ;
; Synthesis Effort                                                           ; Auto               ; Auto               ;
; Shift Register Replacement - Allow Asynchronous Clear Signal               ; On                 ; On                 ;
; Analysis & Synthesis Message Level                                         ; Medium             ; Medium             ;
; Disable Register Merging Across Hierarchies                                ; Auto               ; Auto               ;
+----------------------------------------------------------------------------+--------------------+--------------------+


Parallel compilation was disabled, but you have multiple processors available. Enable parallel compilation to reduce compilation time.
+-------------------------------------+
; Parallel Compilation                ;
+----------------------------+--------+
; Processors                 ; Number ;
+----------------------------+--------+
; Number detected on machine ; 2      ;
; Maximum allowed            ; 1      ;
+----------------------------+--------+


+---------------------------------------------------------------------------------------------------------------------------------------------------------------------+
; Analysis & Synthesis Source Files Read                                                                                                                              ;
+----------------------------------+-----------------+------------------------------------+---------------------------------------------------------------------------+
; File Name with User-Entered Path ; Used in Netlist ; File Type                          ; File Name with Absolute Path                                              ;
+----------------------------------+-----------------+------------------------------------+---------------------------------------------------------------------------+
; Lab2.bdf                         ; yes             ; User Block Diagram/Schematic File  ; E:/Ó÷åáà/5 ñåìåñòð/CèÔÎÝÂÌ/sifo-master/sifo-master/lab2/Lab2.bdf          ;
; Block3.bdf                       ; yes             ; User Block Diagram/Schematic File  ; E:/Ó÷åáà/5 ñåìåñòð/CèÔÎÝÂÌ/sifo-master/sifo-master/lab2/Block3.bdf        ;
; Block1.bdf                       ; yes             ; User Block Diagram/Schematic File  ; E:/Ó÷åáà/5 ñåìåñòð/CèÔÎÝÂÌ/sifo-master/sifo-master/lab2/Block1.bdf        ;
; Block2_0.bdf                     ; yes             ; User Block Diagram/Schematic File  ; E:/Ó÷åáà/5 ñåìåñòð/CèÔÎÝÂÌ/sifo-master/sifo-master/lab2/Block2_0.bdf      ;
; lpm_compare.inc                  ; yes             ; Megafunction                       ; c:/altera/91/quartus/libraries/megafunctions/lpm_compare.inc              ;
; lpm_compare6.tdf                 ; yes             ; Auto-Found Wizard-Generated File   ; E:/Ó÷åáà/5 ñåìåñòð/CèÔÎÝÂÌ/sifo-master/sifo-master/lab2/lpm_compare6.tdf  ;
; lpm_compare.tdf                  ; yes             ; Megafunction                       ; c:/altera/91/quartus/libraries/megafunctions/lpm_compare.tdf              ;
; db/cmpr_o4j.tdf                  ; yes             ; Auto-Generated Megafunction        ; E:/Ó÷åáà/5 ñåìåñòð/CèÔÎÝÂÌ/sifo-master/sifo-master/lab2/db/cmpr_o4j.tdf   ;
; lpm_counter7.tdf                 ; yes             ; Auto-Found Wizard-Generated File   ; E:/Ó÷åáà/5 ñåìåñòð/CèÔÎÝÂÌ/sifo-master/sifo-master/lab2/lpm_counter7.tdf  ;
; lpm_counter.inc                  ; yes             ; Megafunction                       ; c:/altera/91/quartus/libraries/megafunctions/lpm_counter.inc              ;
; lpm_counter.tdf                  ; yes             ; Megafunction                       ; c:/altera/91/quartus/libraries/megafunctions/lpm_counter.tdf              ;
; lpm_decode.inc                   ; yes             ; Megafunction                       ; c:/altera/91/quartus/libraries/megafunctions/lpm_decode.inc               ;
; lpm_add_sub.inc                  ; yes             ; Megafunction                       ; c:/altera/91/quartus/libraries/megafunctions/lpm_add_sub.inc              ;
; db/cntr_5mh.tdf                  ; yes             ; Auto-Generated Megafunction        ; E:/Ó÷åáà/5 ñåìåñòð/CèÔÎÝÂÌ/sifo-master/sifo-master/lab2/db/cntr_5mh.tdf   ;
; lpm_compare7.tdf                 ; yes             ; Auto-Found Wizard-Generated File   ; E:/Ó÷åáà/5 ñåìåñòð/CèÔÎÝÂÌ/sifo-master/sifo-master/lab2/lpm_compare7.tdf  ;
; db/cmpr_9qi.tdf                  ; yes             ; Auto-Generated Megafunction        ; E:/Ó÷åáà/5 ñåìåñòð/CèÔÎÝÂÌ/sifo-master/sifo-master/lab2/db/cmpr_9qi.tdf   ;
; lpm_compare1.tdf                 ; yes             ; Auto-Found Wizard-Generated File   ; E:/Ó÷åáà/5 ñåìåñòð/CèÔÎÝÂÌ/sifo-master/sifo-master/lab2/lpm_compare1.tdf  ;
; db/cmpr_d4g.tdf                  ; yes             ; Auto-Generated Megafunction        ; E:/Ó÷åáà/5 ñåìåñòð/CèÔÎÝÂÌ/sifo-master/sifo-master/lab2/db/cmpr_d4g.tdf   ;
; lpm_add_sub1.tdf                 ; yes             ; Auto-Found Wizard-Generated File   ; E:/Ó÷åáà/5 ñåìåñòð/CèÔÎÝÂÌ/sifo-master/sifo-master/lab2/lpm_add_sub1.tdf  ;
; lpm_add_sub.tdf                  ; yes             ; Megafunction                       ; c:/altera/91/quartus/libraries/megafunctions/lpm_add_sub.tdf              ;
; addcore.tdf                      ; yes             ; Megafunction                       ; c:/altera/91/quartus/libraries/megafunctions/addcore.tdf                  ;
; a_csnbuffer.tdf                  ; yes             ; Megafunction                       ; c:/altera/91/quartus/libraries/megafunctions/a_csnbuffer.tdf              ;
; altshift.tdf                     ; yes             ; Megafunction                       ; c:/altera/91/quartus/libraries/megafunctions/altshift.tdf                 ;
; lpm_add_sub0.tdf                 ; yes             ; Auto-Found Wizard-Generated File   ; E:/Ó÷åáà/5 ñåìåñòð/CèÔÎÝÂÌ/sifo-master/sifo-master/lab2/lpm_add_sub0.tdf  ;
; lpm_counter0.tdf                 ; yes             ; Auto-Found Wizard-Generated File   ; E:/Ó÷åáà/5 ñåìåñòð/CèÔÎÝÂÌ/sifo-master/sifo-master/lab2/lpm_counter0.tdf  ;
; db/cntr_9mh.tdf                  ; yes             ; Auto-Generated Megafunction        ; E:/Ó÷åáà/5 ñåìåñòð/CèÔÎÝÂÌ/sifo-master/sifo-master/lab2/db/cntr_9mh.tdf   ;
; lpm_compare0.tdf                 ; yes             ; Auto-Found Wizard-Generated File   ; E:/Ó÷åáà/5 ñåìåñòð/CèÔÎÝÂÌ/sifo-master/sifo-master/lab2/lpm_compare0.tdf  ;
; db/cmpr_i7g.tdf                  ; yes             ; Auto-Generated Megafunction        ; E:/Ó÷åáà/5 ñåìåñòð/CèÔÎÝÂÌ/sifo-master/sifo-master/lab2/db/cmpr_i7g.tdf   ;
; lpm_counter2.tdf                 ; yes             ; Auto-Found Wizard-Generated File   ; E:/Ó÷åáà/5 ñåìåñòð/CèÔÎÝÂÌ/sifo-master/sifo-master/lab2/lpm_counter2.tdf  ;
; db/cntr_h7h.tdf                  ; yes             ; Auto-Generated Megafunction        ; E:/Ó÷åáà/5 ñåìåñòð/CèÔÎÝÂÌ/sifo-master/sifo-master/lab2/db/cntr_h7h.tdf   ;
; lpm_decode0.tdf                  ; yes             ; Auto-Found Wizard-Generated File   ; E:/Ó÷åáà/5 ñåìåñòð/CèÔÎÝÂÌ/sifo-master/sifo-master/lab2/lpm_decode0.tdf   ;
; lpm_decode.tdf                   ; yes             ; Megafunction                       ; c:/altera/91/quartus/libraries/megafunctions/lpm_decode.tdf               ;
; db/decode_cff.tdf                ; yes             ; Auto-Generated Megafunction        ; E:/Ó÷åáà/5 ñåìåñòð/CèÔÎÝÂÌ/sifo-master/sifo-master/lab2/db/decode_cff.tdf ;
+----------------------------------+-----------------+------------------------------------+---------------------------------------------------------------------------+


+---------------------------------------------------------------------------------------------------------------------------------------------------+
; Analysis & Synthesis Resource Usage Summary                                                                                                       ;
+---------------------------------------------+-----------------------------------------------------------------------------------------------------+
; Resource                                    ; Usage                                                                                               ;
+---------------------------------------------+-----------------------------------------------------------------------------------------------------+
; Total logic elements                        ; 79                                                                                                  ;
;     -- Combinational with no register       ; 59                                                                                                  ;
;     -- Register only                        ; 0                                                                                                   ;
;     -- Combinational with a register        ; 20                                                                                                  ;
;                                             ;                                                                                                     ;
; Logic element usage by number of LUT inputs ;                                                                                                     ;
;     -- 4 input functions                    ; 23                                                                                                  ;
;     -- 3 input functions                    ; 21                                                                                                  ;
;     -- 2 input functions                    ; 28                                                                                                  ;
;     -- 1 input functions                    ; 7                                                                                                   ;
;     -- 0 input functions                    ; 0                                                                                                   ;
;                                             ;                                                                                                     ;
; Logic elements by mode                      ;                                                                                                     ;
;     -- normal mode                          ; 35                                                                                                  ;
;     -- arithmetic mode                      ; 44                                                                                                  ;
;     -- qfbk mode                            ; 0                                                                                                   ;
;     -- register cascade mode                ; 0                                                                                                   ;
;     -- synchronous clear/load mode          ; 12                                                                                                  ;
;     -- asynchronous clear/load mode         ; 0                                                                                                   ;
;                                             ;                                                                                                     ;
; Total registers                             ; 20                                                                                                  ;
; Total logic cells in carry chains           ; 53                                                                                                  ;
; I/O pins                                    ; 43                                                                                                  ;
; Maximum fan-out node                        ; Block3:inst2|lpm_counter2:inst5|lpm_counter:lpm_counter_component|cntr_h7h:auto_generated|safe_q[0] ;
; Maximum fan-out                             ; 18                                                                                                  ;
; Total fan-out                               ; 276                                                                                                 ;
; Average fan-out                             ; 2.26                                                                                                ;
+---------------------------------------------+-----------------------------------------------------------------------------------------------------+


+---------------------------------------------------------------------------------------------------------------------------------------------------------------------------------------------------------------------------------------------------------------------------------------------------------------------------------+
; Analysis & Synthesis Resource Utilization by Entity                                                                                                                                                                                                                                                                             ;
+----------------------------------------------+-------------+--------------+------------+------+--------------+--------------+-------------------+------------------+-----------------+------------+--------------------------------------------------------------------------------------------------------------+--------------+
; Compilation Hierarchy Node                   ; Logic Cells ; LC Registers ; UFM Blocks ; Pins ; Virtual Pins ; LUT-Only LCs ; Register-Only LCs ; LUT/Register LCs ; Carry Chain LCs ; Packed LCs ; Full Hierarchy Name                                                                                          ; Library Name ;
+----------------------------------------------+-------------+--------------+------------+------+--------------+--------------+-------------------+------------------+-----------------+------------+--------------------------------------------------------------------------------------------------------------+--------------+
; |Lab2                                        ; 79 (0)      ; 20           ; 0          ; 43   ; 0            ; 59 (0)       ; 0 (0)             ; 20 (0)           ; 53 (0)          ; 0 (0)      ; |Lab2                                                                                                        ; work         ;
;    |Block1:inst|                             ; 48 (0)      ; 8            ; 0          ; 0    ; 0            ; 40 (0)       ; 0 (0)             ; 8 (0)            ; 41 (0)          ; 0 (0)      ; |Lab2|Block1:inst                                                                                            ; work         ;
;       |lpm_add_sub0:inst3|                   ; 9 (0)       ; 0            ; 0          ; 0    ; 0            ; 9 (0)        ; 0 (0)             ; 0 (0)            ; 9 (0)           ; 0 (0)      ; |Lab2|Block1:inst|lpm_add_sub0:inst3                                                                         ; work         ;
;          |lpm_add_sub:lpm_add_sub_component| ; 9 (0)       ; 0            ; 0          ; 0    ; 0            ; 9 (0)        ; 0 (0)             ; 0 (0)            ; 9 (0)           ; 0 (0)      ; |Lab2|Block1:inst|lpm_add_sub0:inst3|lpm_add_sub:lpm_add_sub_component                                       ; work         ;
;             |addcore:adder|                  ; 9 (0)       ; 0            ; 0          ; 0    ; 0            ; 9 (0)        ; 0 (0)             ; 0 (0)            ; 9 (0)           ; 0 (0)      ; |Lab2|Block1:inst|lpm_add_sub0:inst3|lpm_add_sub:lpm_add_sub_component|addcore:adder                         ; work         ;
;                |a_csnbuffer:result_node|     ; 9 (9)       ; 0            ; 0          ; 0    ; 0            ; 9 (9)        ; 0 (0)             ; 0 (0)            ; 9 (9)           ; 0 (0)      ; |Lab2|Block1:inst|lpm_add_sub0:inst3|lpm_add_sub:lpm_add_sub_component|addcore:adder|a_csnbuffer:result_node ; work         ;
;       |lpm_add_sub1:inst7|                   ; 8 (0)       ; 0            ; 0          ; 0    ; 0            ; 8 (0)        ; 0 (0)             ; 0 (0)            ; 8 (0)           ; 0 (0)      ; |Lab2|Block1:inst|lpm_add_sub1:inst7                                                                         ; work         ;
;          |lpm_add_sub:lpm_add_sub_component| ; 8 (0)       ; 0            ; 0          ; 0    ; 0            ; 8 (0)        ; 0 (0)             ; 0 (0)            ; 8 (0)           ; 0 (0)      ; |Lab2|Block1:inst|lpm_add_sub1:inst7|lpm_add_sub:lpm_add_sub_component                                       ; work         ;
;             |addcore:adder|                  ; 8 (0)       ; 0            ; 0          ; 0    ; 0            ; 8 (0)        ; 0 (0)             ; 0 (0)            ; 8 (0)           ; 0 (0)      ; |Lab2|Block1:inst|lpm_add_sub1:inst7|lpm_add_sub:lpm_add_sub_component|addcore:adder                         ; work         ;
;                |a_csnbuffer:result_node|     ; 8 (8)       ; 0            ; 0          ; 0    ; 0            ; 8 (8)        ; 0 (0)             ; 0 (0)            ; 8 (8)           ; 0 (0)      ; |Lab2|Block1:inst|lpm_add_sub1:inst7|lpm_add_sub:lpm_add_sub_component|addcore:adder|a_csnbuffer:result_node ; work         ;
;       |lpm_compare0:inst4|                   ; 14 (0)      ; 0            ; 0          ; 0    ; 0            ; 14 (0)       ; 0 (0)             ; 0 (0)            ; 8 (0)           ; 0 (0)      ; |Lab2|Block1:inst|lpm_compare0:inst4                                                                         ; work         ;
;          |lpm_compare:lpm_compare_component| ; 14 (0)      ; 0            ; 0          ; 0    ; 0            ; 14 (0)       ; 0 (0)             ; 0 (0)            ; 8 (0)           ; 0 (0)      ; |Lab2|Block1:inst|lpm_compare0:inst4|lpm_compare:lpm_compare_component                                       ; work         ;
;             |cmpr_i7g:auto_generated|        ; 14 (14)     ; 0            ; 0          ; 0    ; 0            ; 14 (14)      ; 0 (0)             ; 0 (0)            ; 8 (8)           ; 0 (0)      ; |Lab2|Block1:inst|lpm_compare0:inst4|lpm_compare:lpm_compare_component|cmpr_i7g:auto_generated               ; work         ;
;       |lpm_compare1:inst6|                   ; 9 (0)       ; 0            ; 0          ; 0    ; 0            ; 9 (0)        ; 0 (0)             ; 0 (0)            ; 8 (0)           ; 0 (0)      ; |Lab2|Block1:inst|lpm_compare1:inst6                                                                         ; work         ;
;          |lpm_compare:lpm_compare_component| ; 9 (0)       ; 0            ; 0          ; 0    ; 0            ; 9 (0)        ; 0 (0)             ; 0 (0)            ; 8 (0)           ; 0 (0)      ; |Lab2|Block1:inst|lpm_compare1:inst6|lpm_compare:lpm_compare_component                                       ; work         ;
;             |cmpr_d4g:auto_generated|        ; 9 (9)       ; 0            ; 0          ; 0    ; 0            ; 9 (9)        ; 0 (0)             ; 0 (0)            ; 8 (8)           ; 0 (0)      ; |Lab2|Block1:inst|lpm_compare1:inst6|lpm_compare:lpm_compare_component|cmpr_d4g:auto_generated               ; work         ;
;       |lpm_counter0:inst|                    ; 8 (0)       ; 8            ; 0          ; 0    ; 0            ; 0 (0)        ; 0 (0)             ; 8 (0)            ; 8 (0)           ; 0 (0)      ; |Lab2|Block1:inst|lpm_counter0:inst                                                                          ; work         ;
;          |lpm_counter:lpm_counter_component| ; 8 (0)       ; 8            ; 0          ; 0    ; 0            ; 0 (0)        ; 0 (0)             ; 8 (0)            ; 8 (0)           ; 0 (0)      ; |Lab2|Block1:inst|lpm_counter0:inst|lpm_counter:lpm_counter_component                                        ; work         ;
;             |cntr_9mh:auto_generated|        ; 8 (8)       ; 8            ; 0          ; 0    ; 0            ; 0 (0)        ; 0 (0)             ; 8 (8)            ; 8 (8)           ; 0 (0)      ; |Lab2|Block1:inst|lpm_counter0:inst|lpm_counter:lpm_counter_component|cntr_9mh:auto_generated                ; work         ;
;    |Block2_0:inst3|                          ; 7 (2)       ; 4            ; 0          ; 0    ; 0            ; 3 (2)        ; 0 (0)             ; 4 (0)            ; 4 (0)           ; 0 (0)      ; |Lab2|Block2_0:inst3                                                                                         ; work         ;
;       |lpm_compare7:inst2|                   ; 1 (0)       ; 0            ; 0          ; 0    ; 0            ; 1 (0)        ; 0 (0)             ; 0 (0)            ; 0 (0)           ; 0 (0)      ; |Lab2|Block2_0:inst3|lpm_compare7:inst2                                                                      ; work         ;
;          |lpm_compare:lpm_compare_component| ; 1 (0)       ; 0            ; 0          ; 0    ; 0            ; 1 (0)        ; 0 (0)             ; 0 (0)            ; 0 (0)           ; 0 (0)      ; |Lab2|Block2_0:inst3|lpm_compare7:inst2|lpm_compare:lpm_compare_component                                    ; work         ;
;             |cmpr_9qi:auto_generated|        ; 1 (1)       ; 0            ; 0          ; 0    ; 0            ; 1 (1)        ; 0 (0)             ; 0 (0)            ; 0 (0)           ; 0 (0)      ; |Lab2|Block2_0:inst3|lpm_compare7:inst2|lpm_compare:lpm_compare_component|cmpr_9qi:auto_generated            ; work         ;
;       |lpm_counter7:inst6|                   ; 4 (0)       ; 4            ; 0          ; 0    ; 0            ; 0 (0)        ; 0 (0)             ; 4 (0)            ; 4 (0)           ; 0 (0)      ; |Lab2|Block2_0:inst3|lpm_counter7:inst6                                                                      ; work         ;
;          |lpm_counter:lpm_counter_component| ; 4 (0)       ; 4            ; 0          ; 0    ; 0            ; 0 (0)        ; 0 (0)             ; 4 (0)            ; 4 (0)           ; 0 (0)      ; |Lab2|Block2_0:inst3|lpm_counter7:inst6|lpm_counter:lpm_counter_component                                    ; work         ;
;             |cntr_5mh:auto_generated|        ; 4 (4)       ; 4            ; 0          ; 0    ; 0            ; 0 (0)        ; 0 (0)             ; 4 (4)            ; 4 (4)           ; 0 (0)      ; |Lab2|Block2_0:inst3|lpm_counter7:inst6|lpm_counter:lpm_counter_component|cntr_5mh:auto_generated            ; work         ;
;    |Block3:inst2|                            ; 20 (0)      ; 4            ; 0          ; 0    ; 0            ; 16 (0)       ; 0 (0)             ; 4 (0)            ; 4 (0)           ; 0 (0)      ; |Lab2|Block3:inst2                                                                                           ; work         ;
;       |lpm_counter2:inst5|                   ; 4 (0)       ; 4            ; 0          ; 0    ; 0            ; 0 (0)        ; 0 (0)             ; 4 (0)            ; 4 (0)           ; 0 (0)      ; |Lab2|Block3:inst2|lpm_counter2:inst5                                                                        ; work         ;
;          |lpm_counter:lpm_counter_component| ; 4 (0)       ; 4            ; 0          ; 0    ; 0            ; 0 (0)        ; 0 (0)             ; 4 (0)            ; 4 (0)           ; 0 (0)      ; |Lab2|Block3:inst2|lpm_counter2:inst5|lpm_counter:lpm_counter_component                                      ; work         ;
;             |cntr_h7h:auto_generated|        ; 4 (4)       ; 4            ; 0          ; 0    ; 0            ; 0 (0)        ; 0 (0)             ; 4 (4)            ; 4 (4)           ; 0 (0)      ; |Lab2|Block3:inst2|lpm_counter2:inst5|lpm_counter:lpm_counter_component|cntr_h7h:auto_generated              ; work         ;
;       |lpm_decode0:inst|                     ; 16 (0)      ; 0            ; 0          ; 0    ; 0            ; 16 (0)       ; 0 (0)             ; 0 (0)            ; 0 (0)           ; 0 (0)      ; |Lab2|Block3:inst2|lpm_decode0:inst                                                                          ; work         ;
;          |lpm_decode:lpm_decode_component|   ; 16 (0)      ; 0            ; 0          ; 0    ; 0            ; 16 (0)       ; 0 (0)             ; 0 (0)            ; 0 (0)           ; 0 (0)      ; |Lab2|Block3:inst2|lpm_decode0:inst|lpm_decode:lpm_decode_component                                          ; work         ;
;             |decode_cff:auto_generated|      ; 16 (16)     ; 0            ; 0          ; 0    ; 0            ; 16 (16)      ; 0 (0)             ; 0 (0)            ; 0 (0)           ; 0 (0)      ; |Lab2|Block3:inst2|lpm_decode0:inst|lpm_decode:lpm_decode_component|decode_cff:auto_generated                ; work         ;
;    |lpm_counter2:inst4|                      ; 4 (0)       ; 4            ; 0          ; 0    ; 0            ; 0 (0)        ; 0 (0)             ; 4 (0)            ; 4 (0)           ; 0 (0)      ; |Lab2|lpm_counter2:inst4                                                                                     ; work         ;
;       |lpm_counter:lpm_counter_component|    ; 4 (0)       ; 4            ; 0          ; 0    ; 0            ; 0 (0)        ; 0 (0)             ; 4 (0)            ; 4 (0)           ; 0 (0)      ; |Lab2|lpm_counter2:inst4|lpm_counter:lpm_counter_component                                                   ; work         ;
;          |cntr_h7h:auto_generated|           ; 4 (4)       ; 4            ; 0          ; 0    ; 0            ; 0 (0)        ; 0 (0)             ; 4 (4)            ; 4 (4)           ; 0 (0)      ; |Lab2|lpm_counter2:inst4|lpm_counter:lpm_counter_component|cntr_h7h:auto_generated                           ; work         ;
+----------------------------------------------+-------------+--------------+------------+------+--------------+--------------+-------------------+------------------+-----------------+------------+--------------------------------------------------------------------------------------------------------------+--------------+
Note: For table entries with two numbers listed, the numbers in parentheses indicate the number of resources of the given type used by the specific entity alone. The numbers listed outside of parentheses indicate the total resources of the given type used by the specific entity and all of its sub-entities in the hierarchy.


+------------------------------------------------------+
; General Register Statistics                          ;
+----------------------------------------------+-------+
; Statistic                                    ; Value ;
+----------------------------------------------+-------+
; Total registers                              ; 20    ;
; Number of registers using Synchronous Clear  ; 12    ;
; Number of registers using Synchronous Load   ; 0     ;
; Number of registers using Asynchronous Clear ; 0     ;
; Number of registers using Asynchronous Load  ; 0     ;
; Number of registers using Clock Enable       ; 0     ;
; Number of registers using Preset             ; 0     ;
+----------------------------------------------+-------+


+--------------------------------------------------------------------------------------------+
; Source assignments for Block2_0:inst3|lpm_counter7:inst6|lpm_counter:lpm_counter_component ;
+---------------------------+-------+------+-------------------------------------------------+
; Assignment                ; Value ; From ; To                                              ;
+---------------------------+-------+------+-------------------------------------------------+
; SUPPRESS_DA_RULE_INTERNAL ; a101  ; -    ; -                                               ;
; SUPPRESS_DA_RULE_INTERNAL ; s102  ; -    ; -                                               ;
; SUPPRESS_DA_RULE_INTERNAL ; s103  ; -    ; -                                               ;
+---------------------------+-------+------+-------------------------------------------------+


+-------------------------------------------------------------------------------------------------------+
; Source assignments for Block1:inst|lpm_add_sub1:inst7|lpm_add_sub:lpm_add_sub_component|addcore:adder ;
+---------------------------+-------+------+------------------------------------------------------------+
; Assignment                ; Value ; From ; To                                                         ;
+---------------------------+-------+------+------------------------------------------------------------+
; SUPPRESS_DA_RULE_INTERNAL ; A103  ; -    ; -                                                          ;
+---------------------------+-------+------+------------------------------------------------------------+


+-------------------------------------------------------------------------------------------------------+
; Source assignments for Block1:inst|lpm_add_sub0:inst3|lpm_add_sub:lpm_add_sub_component|addcore:adder ;
+---------------------------+-------+------+------------------------------------------------------------+
; Assignment                ; Value ; From ; To                                                         ;
+---------------------------+-------+------+------------------------------------------------------------+
; SUPPRESS_DA_RULE_INTERNAL ; A103  ; -    ; -                                                          ;
+---------------------------+-------+------+------------------------------------------------------------+


+----------------------------------------------------------------------------------------+
; Source assignments for Block1:inst|lpm_counter0:inst|lpm_counter:lpm_counter_component ;
+---------------------------+-------+------+---------------------------------------------+
; Assignment                ; Value ; From ; To                                          ;
+---------------------------+-------+------+---------------------------------------------+
; SUPPRESS_DA_RULE_INTERNAL ; a101  ; -    ; -                                           ;
; SUPPRESS_DA_RULE_INTERNAL ; s102  ; -    ; -                                           ;
; SUPPRESS_DA_RULE_INTERNAL ; s103  ; -    ; -                                           ;
+---------------------------+-------+------+---------------------------------------------+


+-----------------------------------------------------------------------------+
; Source assignments for lpm_counter2:inst4|lpm_counter:lpm_counter_component ;
+---------------------------+-------+------+----------------------------------+
; Assignment                ; Value ; From ; To                               ;
+---------------------------+-------+------+----------------------------------+
; SUPPRESS_DA_RULE_INTERNAL ; a101  ; -    ; -                                ;
; SUPPRESS_DA_RULE_INTERNAL ; s102  ; -    ; -                                ;
; SUPPRESS_DA_RULE_INTERNAL ; s103  ; -    ; -                                ;
+---------------------------+-------+------+----------------------------------+


+------------------------------------------------------------------------------------------+
; Source assignments for Block3:inst2|lpm_counter2:inst5|lpm_counter:lpm_counter_component ;
+---------------------------+-------+------+-----------------------------------------------+
; Assignment                ; Value ; From ; To                                            ;
+---------------------------+-------+------+-----------------------------------------------+
; SUPPRESS_DA_RULE_INTERNAL ; a101  ; -    ; -                                             ;
; SUPPRESS_DA_RULE_INTERNAL ; s102  ; -    ; -                                             ;
; SUPPRESS_DA_RULE_INTERNAL ; s103  ; -    ; -                                             ;
+---------------------------+-------+------+-----------------------------------------------+


+------------------------------------------------------------------------------------------------------------------+
; Parameter Settings for User Entity Instance: Block2_0:inst3|lpm_compare6:inst1|lpm_compare:lpm_compare_component ;
+------------------------+----------+------------------------------------------------------------------------------+
; Parameter Name         ; Value    ; Type                                                                         ;
+------------------------+----------+------------------------------------------------------------------------------+
; lpm_width              ; 4        ; Untyped                                                                      ;
; LPM_REPRESENTATION     ; UNSIGNED ; Untyped                                                                      ;
; LPM_PIPELINE           ; 0        ; Untyped                                                                      ;
; CHAIN_SIZE             ; 8        ; Untyped                                                                      ;
; ONE_INPUT_IS_CONSTANT  ; YES      ; Untyped                                                                      ;
; CARRY_CHAIN            ; MANUAL   ; Untyped                                                                      ;
; CASCADE_CHAIN          ; MANUAL   ; Untyped                                                                      ;
; CARRY_CHAIN_LENGTH     ; 48       ; CARRY_CHAIN_LENGTH                                                           ;
; CASCADE_CHAIN_LENGTH   ; 2        ; CASCADE_CHAIN_LENGTH                                                         ;
; DEVICE_FAMILY          ; MAX II   ; Untyped                                                                      ;
; CBXI_PARAMETER         ; cmpr_o4j ; Untyped                                                                      ;
; AUTO_CARRY_CHAINS      ; ON       ; AUTO_CARRY                                                                   ;
; IGNORE_CARRY_BUFFERS   ; OFF      ; IGNORE_CARRY                                                                 ;
; AUTO_CASCADE_CHAINS    ; ON       ; AUTO_CASCADE                                                                 ;
; IGNORE_CASCADE_BUFFERS ; OFF      ; IGNORE_CASCADE                                                               ;
+------------------------+----------+------------------------------------------------------------------------------+
Note: In order to hide this table in the UI and the text report file, please set the "Show Parameter Settings Tables in Synthesis Report" option in "Analysis and Synthesis Settings -> More Settings" to "Off".


+------------------------------------------------------------------------------------------------------------------+
; Parameter Settings for User Entity Instance: Block2_0:inst3|lpm_counter7:inst6|lpm_counter:lpm_counter_component ;
+------------------------+-------------+---------------------------------------------------------------------------+
; Parameter Name         ; Value       ; Type                                                                      ;
+------------------------+-------------+---------------------------------------------------------------------------+
; AUTO_CARRY_CHAINS      ; ON          ; AUTO_CARRY                                                                ;
; IGNORE_CARRY_BUFFERS   ; OFF         ; IGNORE_CARRY                                                              ;
; AUTO_CASCADE_CHAINS    ; ON          ; AUTO_CASCADE                                                              ;
; IGNORE_CASCADE_BUFFERS ; OFF         ; IGNORE_CASCADE                                                            ;
; LPM_WIDTH              ; 4           ; Untyped                                                                   ;
; LPM_DIRECTION          ; UP          ; Untyped                                                                   ;
; LPM_MODULUS            ; 0           ; Untyped                                                                   ;
; LPM_AVALUE             ; UNUSED      ; Untyped                                                                   ;
; LPM_SVALUE             ; UNUSED      ; Untyped                                                                   ;
; LPM_PORT_UPDOWN        ; PORT_UNUSED ; Untyped                                                                   ;
; DEVICE_FAMILY          ; MAX II      ; Untyped                                                                   ;
; CARRY_CHAIN            ; MANUAL      ; Untyped                                                                   ;
; CARRY_CHAIN_LENGTH     ; 48          ; CARRY_CHAIN_LENGTH                                                        ;
; NOT_GATE_PUSH_BACK     ; ON          ; NOT_GATE_PUSH_BACK                                                        ;
; CARRY_CNT_EN           ; SMART       ; Untyped                                                                   ;
; LABWIDE_SCLR           ; ON          ; Untyped                                                                   ;
; USE_NEW_VERSION        ; TRUE        ; Untyped                                                                   ;
; CBXI_PARAMETER         ; cntr_5mh    ; Untyped                                                                   ;
+------------------------+-------------+---------------------------------------------------------------------------+
Note: In order to hide this table in the UI and the text report file, please set the "Show Parameter Settings Tables in Synthesis Report" option in "Analysis and Synthesis Settings -> More Settings" to "Off".


+------------------------------------------------------------------------------------------------------------------+
; Parameter Settings for User Entity Instance: Block2_0:inst3|lpm_compare7:inst2|lpm_compare:lpm_compare_component ;
+------------------------+----------+------------------------------------------------------------------------------+
; Parameter Name         ; Value    ; Type                                                                         ;
+------------------------+----------+------------------------------------------------------------------------------+
; lpm_width              ; 4        ; Untyped                                                                      ;
; LPM_REPRESENTATION     ; UNSIGNED ; Untyped                                                                      ;
; LPM_PIPELINE           ; 0        ; Untyped                                                                      ;
; CHAIN_SIZE             ; 8        ; Untyped                                                                      ;
; ONE_INPUT_IS_CONSTANT  ; YES      ; Untyped                                                                      ;
; CARRY_CHAIN            ; MANUAL   ; Untyped                                                                      ;
; CASCADE_CHAIN          ; MANUAL   ; Untyped                                                                      ;
; CARRY_CHAIN_LENGTH     ; 48       ; CARRY_CHAIN_LENGTH                                                           ;
; CASCADE_CHAIN_LENGTH   ; 2        ; CASCADE_CHAIN_LENGTH                                                         ;
; DEVICE_FAMILY          ; MAX II   ; Untyped                                                                      ;
; CBXI_PARAMETER         ; cmpr_9qi ; Untyped                                                                      ;
; AUTO_CARRY_CHAINS      ; ON       ; AUTO_CARRY                                                                   ;
; IGNORE_CARRY_BUFFERS   ; OFF      ; IGNORE_CARRY                                                                 ;
; AUTO_CASCADE_CHAINS    ; ON       ; AUTO_CASCADE                                                                 ;
; IGNORE_CASCADE_BUFFERS ; OFF      ; IGNORE_CASCADE                                                               ;
+------------------------+----------+------------------------------------------------------------------------------+
Note: In order to hide this table in the UI and the text report file, please set the "Show Parameter Settings Tables in Synthesis Report" option in "Analysis and Synthesis Settings -> More Settings" to "Off".


+---------------------------------------------------------------------------------------------------------------+
; Parameter Settings for User Entity Instance: Block1:inst|lpm_compare1:inst6|lpm_compare:lpm_compare_component ;
+------------------------+----------+---------------------------------------------------------------------------+
; Parameter Name         ; Value    ; Type                                                                      ;
+------------------------+----------+---------------------------------------------------------------------------+
; lpm_width              ; 8        ; Untyped                                                                   ;
; LPM_REPRESENTATION     ; UNSIGNED ; Untyped                                                                   ;
; LPM_PIPELINE           ; 0        ; Untyped                                                                   ;
; CHAIN_SIZE             ; 8        ; Untyped                                                                   ;
; ONE_INPUT_IS_CONSTANT  ; NO       ; Untyped                                                                   ;
; CARRY_CHAIN            ; MANUAL   ; Untyped                                                                   ;
; CASCADE_CHAIN          ; MANUAL   ; Untyped                                                                   ;
; CARRY_CHAIN_LENGTH     ; 48       ; CARRY_CHAIN_LENGTH                                                        ;
; CASCADE_CHAIN_LENGTH   ; 2        ; CASCADE_CHAIN_LENGTH                                                      ;
; DEVICE_FAMILY          ; MAX II   ; Untyped                                                                   ;
; CBXI_PARAMETER         ; cmpr_d4g ; Untyped                                                                   ;
; AUTO_CARRY_CHAINS      ; ON       ; AUTO_CARRY                                                                ;
; IGNORE_CARRY_BUFFERS   ; OFF      ; IGNORE_CARRY                                                              ;
; AUTO_CASCADE_CHAINS    ; ON       ; AUTO_CASCADE                                                              ;
; IGNORE_CASCADE_BUFFERS ; OFF      ; IGNORE_CASCADE                                                            ;
+------------------------+----------+---------------------------------------------------------------------------+
Note: In order to hide this table in the UI and the text report file, please set the "Show Parameter Settings Tables in Synthesis Report" option in "Analysis and Synthesis Settings -> More Settings" to "Off".


+---------------------------------------------------------------------------------------------------------------+
; Parameter Settings for User Entity Instance: Block1:inst|lpm_add_sub1:inst7|lpm_add_sub:lpm_add_sub_component ;
+------------------------+-------------+------------------------------------------------------------------------+
; Parameter Name         ; Value       ; Type                                                                   ;
+------------------------+-------------+------------------------------------------------------------------------+
; LPM_WIDTH              ; 8           ; Untyped                                                                ;
; LPM_REPRESENTATION     ; UNSIGNED    ; Untyped                                                                ;
; LPM_DIRECTION          ; SUB         ; Untyped                                                                ;
; ONE_INPUT_IS_CONSTANT  ; NO          ; Untyped                                                                ;
; LPM_PIPELINE           ; 0           ; Untyped                                                                ;
; MAXIMIZE_SPEED         ; 5           ; Untyped                                                                ;
; REGISTERED_AT_END      ; 0           ; Untyped                                                                ;
; OPTIMIZE_FOR_SPEED     ; 5           ; Untyped                                                                ;
; USE_CS_BUFFERS         ; 1           ; Untyped                                                                ;
; CARRY_CHAIN            ; MANUAL      ; Untyped                                                                ;
; CARRY_CHAIN_LENGTH     ; 48          ; CARRY_CHAIN_LENGTH                                                     ;
; DEVICE_FAMILY          ; MAX II      ; Untyped                                                                ;
; USE_WYS                ; OFF         ; Untyped                                                                ;
; STYLE                  ; FAST        ; Untyped                                                                ;
; CBXI_PARAMETER         ; add_sub_68h ; Untyped                                                                ;
; AUTO_CARRY_CHAINS      ; ON          ; AUTO_CARRY                                                             ;
; IGNORE_CARRY_BUFFERS   ; OFF         ; IGNORE_CARRY                                                           ;
; AUTO_CASCADE_CHAINS    ; ON          ; AUTO_CASCADE                                                           ;
; IGNORE_CASCADE_BUFFERS ; OFF         ; IGNORE_CASCADE                                                         ;
+------------------------+-------------+------------------------------------------------------------------------+
Note: In order to hide this table in the UI and the text report file, please set the "Show Parameter Settings Tables in Synthesis Report" option in "Analysis and Synthesis Settings -> More Settings" to "Off".


+---------------------------------------------------------------------------------------------------------------+
; Parameter Settings for User Entity Instance: Block1:inst|lpm_add_sub0:inst3|lpm_add_sub:lpm_add_sub_component ;
+------------------------+-------------+------------------------------------------------------------------------+
; Parameter Name         ; Value       ; Type                                                                   ;
+------------------------+-------------+------------------------------------------------------------------------+
; LPM_WIDTH              ; 8           ; Untyped                                                                ;
; LPM_REPRESENTATION     ; UNSIGNED    ; Untyped                                                                ;
; LPM_DIRECTION          ; ADD         ; Untyped                                                                ;
; ONE_INPUT_IS_CONSTANT  ; YES         ; Untyped                                                                ;
; LPM_PIPELINE           ; 0           ; Untyped                                                                ;
; MAXIMIZE_SPEED         ; 5           ; Untyped                                                                ;
; REGISTERED_AT_END      ; 0           ; Untyped                                                                ;
; OPTIMIZE_FOR_SPEED     ; 5           ; Untyped                                                                ;
; USE_CS_BUFFERS         ; 1           ; Untyped                                                                ;
; CARRY_CHAIN            ; MANUAL      ; Untyped                                                                ;
; CARRY_CHAIN_LENGTH     ; 48          ; CARRY_CHAIN_LENGTH                                                     ;
; DEVICE_FAMILY          ; MAX II      ; Untyped                                                                ;
; USE_WYS                ; OFF         ; Untyped                                                                ;
; STYLE                  ; FAST        ; Untyped                                                                ;
; CBXI_PARAMETER         ; add_sub_pah ; Untyped                                                                ;
; AUTO_CARRY_CHAINS      ; ON          ; AUTO_CARRY                                                             ;
; IGNORE_CARRY_BUFFERS   ; OFF         ; IGNORE_CARRY                                                           ;
; AUTO_CASCADE_CHAINS    ; ON          ; AUTO_CASCADE                                                           ;
; IGNORE_CASCADE_BUFFERS ; OFF         ; IGNORE_CASCADE                                                         ;
+------------------------+-------------+------------------------------------------------------------------------+
Note: In order to hide this table in the UI and the text report file, please set the "Show Parameter Settings Tables in Synthesis Report" option in "Analysis and Synthesis Settings -> More Settings" to "Off".


+--------------------------------------------------------------------------------------------------------------+
; Parameter Settings for User Entity Instance: Block1:inst|lpm_counter0:inst|lpm_counter:lpm_counter_component ;
+------------------------+-------------+-----------------------------------------------------------------------+
; Parameter Name         ; Value       ; Type                                                                  ;
+------------------------+-------------+-----------------------------------------------------------------------+
; AUTO_CARRY_CHAINS      ; ON          ; AUTO_CARRY                                                            ;
; IGNORE_CARRY_BUFFERS   ; OFF         ; IGNORE_CARRY                                                          ;
; AUTO_CASCADE_CHAINS    ; ON          ; AUTO_CASCADE                                                          ;
; IGNORE_CASCADE_BUFFERS ; OFF         ; IGNORE_CASCADE                                                        ;
; LPM_WIDTH              ; 8           ; Untyped                                                               ;
; LPM_DIRECTION          ; UP          ; Untyped                                                               ;
; LPM_MODULUS            ; 0           ; Untyped                                                               ;
; LPM_AVALUE             ; UNUSED      ; Untyped                                                               ;
; LPM_SVALUE             ; UNUSED      ; Untyped                                                               ;
; LPM_PORT_UPDOWN        ; PORT_UNUSED ; Untyped                                                               ;
; DEVICE_FAMILY          ; MAX II      ; Untyped                                                               ;
; CARRY_CHAIN            ; MANUAL      ; Untyped                                                               ;
; CARRY_CHAIN_LENGTH     ; 48          ; CARRY_CHAIN_LENGTH                                                    ;
; NOT_GATE_PUSH_BACK     ; ON          ; NOT_GATE_PUSH_BACK                                                    ;
; CARRY_CNT_EN           ; SMART       ; Untyped                                                               ;
; LABWIDE_SCLR           ; ON          ; Untyped                                                               ;
; USE_NEW_VERSION        ; TRUE        ; Untyped                                                               ;
; CBXI_PARAMETER         ; cntr_9mh    ; Untyped                                                               ;
+------------------------+-------------+-----------------------------------------------------------------------+
Note: In order to hide this table in the UI and the text report file, please set the "Show Parameter Settings Tables in Synthesis Report" option in "Analysis and Synthesis Settings -> More Settings" to "Off".


+---------------------------------------------------------------------------------------------------------------+
; Parameter Settings for User Entity Instance: Block1:inst|lpm_compare0:inst4|lpm_compare:lpm_compare_component ;
+------------------------+----------+---------------------------------------------------------------------------+
; Parameter Name         ; Value    ; Type                                                                      ;
+------------------------+----------+---------------------------------------------------------------------------+
; lpm_width              ; 8        ; Untyped                                                                   ;
; LPM_REPRESENTATION     ; UNSIGNED ; Untyped                                                                   ;
; LPM_PIPELINE           ; 0        ; Untyped                                                                   ;
; CHAIN_SIZE             ; 8        ; Untyped                                                                   ;
; ONE_INPUT_IS_CONSTANT  ; NO       ; Untyped                                                                   ;
; CARRY_CHAIN            ; MANUAL   ; Untyped                                                                   ;
; CASCADE_CHAIN          ; MANUAL   ; Untyped                                                                   ;
; CARRY_CHAIN_LENGTH     ; 48       ; CARRY_CHAIN_LENGTH                                                        ;
; CASCADE_CHAIN_LENGTH   ; 2        ; CASCADE_CHAIN_LENGTH                                                      ;
; DEVICE_FAMILY          ; MAX II   ; Untyped                                                                   ;
; CBXI_PARAMETER         ; cmpr_i7g ; Untyped                                                                   ;
; AUTO_CARRY_CHAINS      ; ON       ; AUTO_CARRY                                                                ;
; IGNORE_CARRY_BUFFERS   ; OFF      ; IGNORE_CARRY                                                              ;
; AUTO_CASCADE_CHAINS    ; ON       ; AUTO_CASCADE                                                              ;
; IGNORE_CASCADE_BUFFERS ; OFF      ; IGNORE_CASCADE                                                            ;
+------------------------+----------+---------------------------------------------------------------------------+
Note: In order to hide this table in the UI and the text report file, please set the "Show Parameter Settings Tables in Synthesis Report" option in "Analysis and Synthesis Settings -> More Settings" to "Off".


+---------------------------------------------------------------------------------------------------+
; Parameter Settings for User Entity Instance: lpm_counter2:inst4|lpm_counter:lpm_counter_component ;
+------------------------+-------------+------------------------------------------------------------+
; Parameter Name         ; Value       ; Type                                                       ;
+------------------------+-------------+------------------------------------------------------------+
; AUTO_CARRY_CHAINS      ; ON          ; AUTO_CARRY                                                 ;
; IGNORE_CARRY_BUFFERS   ; OFF         ; IGNORE_CARRY                                               ;
; AUTO_CASCADE_CHAINS    ; ON          ; AUTO_CASCADE                                               ;
; IGNORE_CASCADE_BUFFERS ; OFF         ; IGNORE_CASCADE                                             ;
; LPM_WIDTH              ; 4           ; Untyped                                                    ;
; LPM_DIRECTION          ; UP          ; Untyped                                                    ;
; LPM_MODULUS            ; 0           ; Untyped                                                    ;
; LPM_AVALUE             ; UNUSED      ; Untyped                                                    ;
; LPM_SVALUE             ; UNUSED      ; Untyped                                                    ;
; LPM_PORT_UPDOWN        ; PORT_UNUSED ; Untyped                                                    ;
; DEVICE_FAMILY          ; MAX II      ; Untyped                                                    ;
; CARRY_CHAIN            ; MANUAL      ; Untyped                                                    ;
; CARRY_CHAIN_LENGTH     ; 48          ; CARRY_CHAIN_LENGTH                                         ;
; NOT_GATE_PUSH_BACK     ; ON          ; NOT_GATE_PUSH_BACK                                         ;
; CARRY_CNT_EN           ; SMART       ; Untyped                                                    ;
; LABWIDE_SCLR           ; ON          ; Untyped                                                    ;
; USE_NEW_VERSION        ; TRUE        ; Untyped                                                    ;
; CBXI_PARAMETER         ; cntr_h7h    ; Untyped                                                    ;
+------------------------+-------------+------------------------------------------------------------+
Note: In order to hide this table in the UI and the text report file, please set the "Show Parameter Settings Tables in Synthesis Report" option in "Analysis and Synthesis Settings -> More Settings" to "Off".


+------------------------------------------------------------------------------------------------------------+
; Parameter Settings for User Entity Instance: Block3:inst2|lpm_decode0:inst|lpm_decode:lpm_decode_component ;
+------------------------+------------+----------------------------------------------------------------------+
; Parameter Name         ; Value      ; Type                                                                 ;
+------------------------+------------+----------------------------------------------------------------------+
; LPM_WIDTH              ; 4          ; Untyped                                                              ;
; LPM_DECODES            ; 16         ; Untyped                                                              ;
; LPM_PIPELINE           ; 0          ; Untyped                                                              ;
; CASCADE_CHAIN          ; MANUAL     ; Untyped                                                              ;
; DEVICE_FAMILY          ; MAX II     ; Untyped                                                              ;
; CBXI_PARAMETER         ; decode_cff ; Untyped                                                              ;
; AUTO_CARRY_CHAINS      ; ON         ; AUTO_CARRY                                                           ;
; IGNORE_CARRY_BUFFERS   ; OFF        ; IGNORE_CARRY                                                         ;
; AUTO_CASCADE_CHAINS    ; ON         ; AUTO_CASCADE                                                         ;
; IGNORE_CASCADE_BUFFERS ; OFF        ; IGNORE_CASCADE                                                       ;
+------------------------+------------+----------------------------------------------------------------------+
Note: In order to hide this table in the UI and the text report file, please set the "Show Parameter Settings Tables in Synthesis Report" option in "Analysis and Synthesis Settings -> More Settings" to "Off".


+----------------------------------------------------------------------------------------------------------------+
; Parameter Settings for User Entity Instance: Block3:inst2|lpm_counter2:inst5|lpm_counter:lpm_counter_component ;
+------------------------+-------------+-------------------------------------------------------------------------+
; Parameter Name         ; Value       ; Type                                                                    ;
+------------------------+-------------+-------------------------------------------------------------------------+
; AUTO_CARRY_CHAINS      ; ON          ; AUTO_CARRY                                                              ;
; IGNORE_CARRY_BUFFERS   ; OFF         ; IGNORE_CARRY                                                            ;
; AUTO_CASCADE_CHAINS    ; ON          ; AUTO_CASCADE                                                            ;
; IGNORE_CASCADE_BUFFERS ; OFF         ; IGNORE_CASCADE                                                          ;
; LPM_WIDTH              ; 4           ; Untyped                                                                 ;
; LPM_DIRECTION          ; UP          ; Untyped                                                                 ;
; LPM_MODULUS            ; 0           ; Untyped                                                                 ;
; LPM_AVALUE             ; UNUSED      ; Untyped                                                                 ;
; LPM_SVALUE             ; UNUSED      ; Untyped                                                                 ;
; LPM_PORT_UPDOWN        ; PORT_UNUSED ; Untyped                                                                 ;
; DEVICE_FAMILY          ; MAX II      ; Untyped                                                                 ;
; CARRY_CHAIN            ; MANUAL      ; Untyped                                                                 ;
; CARRY_CHAIN_LENGTH     ; 48          ; CARRY_CHAIN_LENGTH                                                      ;
; NOT_GATE_PUSH_BACK     ; ON          ; NOT_GATE_PUSH_BACK                                                      ;
; CARRY_CNT_EN           ; SMART       ; Untyped                                                                 ;
; LABWIDE_SCLR           ; ON          ; Untyped                                                                 ;
; USE_NEW_VERSION        ; TRUE        ; Untyped                                                                 ;
; CBXI_PARAMETER         ; cntr_h7h    ; Untyped                                                                 ;
+------------------------+-------------+-------------------------------------------------------------------------+
Note: In order to hide this table in the UI and the text report file, please set the "Show Parameter Settings Tables in Synthesis Report" option in "Analysis and Synthesis Settings -> More Settings" to "Off".


+-------------------------------+
; Analysis & Synthesis Messages ;
+-------------------------------+
Info: *******************************************************************
Info: Running Quartus II Analysis & Synthesis
    Info: Version 9.1 Build 222 10/21/2009 SJ Web Edition
    Info: Processing started: Fri Sep 28 15:00:31 2018
Info: Command: quartus_map --read_settings_files=on --write_settings_files=off Block1 -c Block1
Info: Found 1 design units, including 1 entities, in source file lpm_compare2.tdf
    Info: Found entity 1: lpm_compare2
Info: Found 1 design units, including 1 entities, in source file lpm_compare3.tdf
    Info: Found entity 1: lpm_compare3
Info: Found 1 design units, including 1 entities, in source file lab2.bdf
    Info: Found entity 1: Lab2
Info: Found 1 design units, including 1 entities, in source file block3.bdf
    Info: Found entity 1: Block3
Info: Found 1 design units, including 1 entities, in source file block2.bdf
    Info: Found entity 1: Block2
Info: Found 1 design units, including 1 entities, in source file block1.bdf
    Info: Found entity 1: Block1
Info: Found 1 design units, including 1 entities, in source file block1_2.bdf
    Info: Found entity 1: Block1_2
Info: Found 1 design units, including 1 entities, in source file block2_0.bdf
    Info: Found entity 1: Block2_0
Info: Found 1 design units, including 1 entities, in source file block1_0.bdf
    Info: Found entity 1: Block1_0
Info: Elaborating entity "Lab2" for the top level hierarchy
Info: Elaborating entity "Block2_0" for hierarchy "Block2_0:inst3"
Warning: Using design file lpm_compare6.tdf, which is not specified as a design file for the current project, but contains definitions for 1 design units and 1 entities in project
    Info: Found entity 1: lpm_compare6
Info: Elaborating entity "lpm_compare6" for hierarchy "Block2_0:inst3|lpm_compare6:inst1"
Info: Elaborating entity "lpm_compare" for hierarchy "Block2_0:inst3|lpm_compare6:inst1|lpm_compare:lpm_compare_component"
Info: Elaborated megafunction instantiation "Block2_0:inst3|lpm_compare6:inst1|lpm_compare:lpm_compare_component"
Info: Instantiated megafunction "Block2_0:inst3|lpm_compare6:inst1|lpm_compare:lpm_compare_component" with the following parameter:
    Info: Parameter "LPM_TYPE" = "LPM_COMPARE"
    Info: Parameter "LPM_HINT" = "ONE_INPUT_IS_CONSTANT=YES"
    Info: Parameter "LPM_WIDTH" = "4"
    Info: Parameter "LPM_REPRESENTATION" = "UNSIGNED"
Info: Found 1 design units, including 1 entities, in source file db/cmpr_o4j.tdf
    Info: Found entity 1: cmpr_o4j
Info: Elaborating entity "cmpr_o4j" for hierarchy "Block2_0:inst3|lpm_compare6:inst1|lpm_compare:lpm_compare_component|cmpr_o4j:auto_generated"
Warning: Using design file lpm_counter7.tdf, which is not specified as a design file for the current project, but contains definitions for 1 design units and 1 entities in project
    Info: Found entity 1: lpm_counter7
Info: Elaborating entity "lpm_counter7" for hierarchy "Block2_0:inst3|lpm_counter7:inst6"
Info: Elaborating entity "lpm_counter" for hierarchy "Block2_0:inst3|lpm_counter7:inst6|lpm_counter:lpm_counter_component"
Info: Elaborated megafunction instantiation "Block2_0:inst3|lpm_counter7:inst6|lpm_counter:lpm_counter_component"
Info: Instantiated megafunction "Block2_0:inst3|lpm_counter7:inst6|lpm_counter:lpm_counter_component" with the following parameter:
    Info: Parameter "LPM_TYPE" = "LPM_COUNTER"
    Info: Parameter "LPM_WIDTH" = "4"
    Info: Parameter "LPM_DIRECTION" = "UP"
    Info: Parameter "LPM_PORT_UPDOWN" = "PORT_UNUSED"
Info: Found 1 design units, including 1 entities, in source file db/cntr_5mh.tdf
    Info: Found entity 1: cntr_5mh
Info: Elaborating entity "cntr_5mh" for hierarchy "Block2_0:inst3|lpm_counter7:inst6|lpm_counter:lpm_counter_component|cntr_5mh:auto_generated"
Warning: Using design file lpm_compare7.tdf, which is not specified as a design file for the current project, but contains definitions for 1 design units and 1 entities in project
    Info: Found entity 1: lpm_compare7
Info: Elaborating entity "lpm_compare7" for hierarchy "Block2_0:inst3|lpm_compare7:inst2"
Info: Elaborating entity "lpm_compare" for hierarchy "Block2_0:inst3|lpm_compare7:inst2|lpm_compare:lpm_compare_component"
Info: Elaborated megafunction instantiation "Block2_0:inst3|lpm_compare7:inst2|lpm_compare:lpm_compare_component"
Info: Instantiated megafunction "Block2_0:inst3|lpm_compare7:inst2|lpm_compare:lpm_compare_component" with the following parameter:
    Info: Parameter "LPM_TYPE" = "LPM_COMPARE"
    Info: Parameter "LPM_HINT" = "ONE_INPUT_IS_CONSTANT=YES"
    Info: Parameter "LPM_WIDTH" = "4"
    Info: Parameter "LPM_REPRESENTATION" = "UNSIGNED"
Info: Found 1 design units, including 1 entities, in source file db/cmpr_9qi.tdf
    Info: Found entity 1: cmpr_9qi
Info: Elaborating entity "cmpr_9qi" for hierarchy "Block2_0:inst3|lpm_compare7:inst2|lpm_compare:lpm_compare_component|cmpr_9qi:auto_generated"
Info: Elaborating entity "Block1" for hierarchy "Block1:inst"
Warning: Using design file lpm_compare1.tdf, which is not specified as a design file for the current project, but contains definitions for 1 design units and 1 entities in project
    Info: Found entity 1: lpm_compare1
Info: Elaborating entity "lpm_compare1" for hierarchy "Block1:inst|lpm_compare1:inst6"
Info: Elaborating entity "lpm_compare" for hierarchy "Block1:inst|lpm_compare1:inst6|lpm_compare:lpm_compare_component"
Info: Elaborated megafunction instantiation "Block1:inst|lpm_compare1:inst6|lpm_compare:lpm_compare_component"
Info: Instantiated megafunction "Block1:inst|lpm_compare1:inst6|lpm_compare:lpm_compare_component" with the following parameter:
    Info: Parameter "LPM_TYPE" = "LPM_COMPARE"
    Info: Parameter "LPM_WIDTH" = "8"
    Info: Parameter "LPM_REPRESENTATION" = "UNSIGNED"
Info: Found 1 design units, including 1 entities, in source file db/cmpr_d4g.tdf
    Info: Found entity 1: cmpr_d4g
Info: Elaborating entity "cmpr_d4g" for hierarchy "Block1:inst|lpm_compare1:inst6|lpm_compare:lpm_compare_component|cmpr_d4g:auto_generated"
Warning: Using design file lpm_add_sub1.tdf, which is not specified as a design file for the current project, but contains definitions for 1 design units and 1 entities in project
    Info: Found entity 1: lpm_add_sub1
Info: Elaborating entity "lpm_add_sub1" for hierarchy "Block1:inst|lpm_add_sub1:inst7"
Info: Elaborating entity "lpm_add_sub" for hierarchy "Block1:inst|lpm_add_sub1:inst7|lpm_add_sub:lpm_add_sub_component"
Info: Elaborated megafunction instantiation "Block1:inst|lpm_add_sub1:inst7|lpm_add_sub:lpm_add_sub_component"
Info: Instantiated megafunction "Block1:inst|lpm_add_sub1:inst7|lpm_add_sub:lpm_add_sub_component" with the following parameter:
    Info: Parameter "LPM_TYPE" = "LPM_ADD_SUB"
    Info: Parameter "LPM_HINT" = "ONE_INPUT_IS_CONSTANT=NO,CIN_USED=NO"
    Info: Parameter "LPM_WIDTH" = "8"
    Info: Parameter "LPM_REPRESENTATION" = "UNSIGNED"
    Info: Parameter "LPM_DIRECTION" = "SUB"
Info: Elaborating entity "addcore" for hierarchy "Block1:inst|lpm_add_sub1:inst7|lpm_add_sub:lpm_add_sub_component|addcore:adder"
Info: Elaborated megafunction instantiation "Block1:inst|lpm_add_sub1:inst7|lpm_add_sub:lpm_add_sub_component|addcore:adder", which is child of megafunction instantiation "Block1:inst|lpm_add_sub1:inst7|lpm_add_sub:lpm_add_sub_component"
Info: Elaborating entity "a_csnbuffer" for hierarchy "Block1:inst|lpm_add_sub1:inst7|lpm_add_sub:lpm_add_sub_component|addcore:adder|a_csnbuffer:oflow_node"
Info: Elaborated megafunction instantiation "Block1:inst|lpm_add_sub1:inst7|lpm_add_sub:lpm_add_sub_component|addcore:adder|a_csnbuffer:oflow_node", which is child of megafunction instantiation "Block1:inst|lpm_add_sub1:inst7|lpm_add_sub:lpm_add_sub_component"
Info: Elaborating entity "a_csnbuffer" for hierarchy "Block1:inst|lpm_add_sub1:inst7|lpm_add_sub:lpm_add_sub_component|addcore:adder|a_csnbuffer:result_node"
Info: Elaborated megafunction instantiation "Block1:inst|lpm_add_sub1:inst7|lpm_add_sub:lpm_add_sub_component|addcore:adder|a_csnbuffer:result_node", which is child of megafunction instantiation "Block1:inst|lpm_add_sub1:inst7|lpm_add_sub:lpm_add_sub_component"
Info: Elaborating entity "altshift" for hierarchy "Block1:inst|lpm_add_sub1:inst7|lpm_add_sub:lpm_add_sub_component|altshift:result_ext_latency_ffs"
Info: Elaborated megafunction instantiation "Block1:inst|lpm_add_sub1:inst7|lpm_add_sub:lpm_add_sub_component|altshift:result_ext_latency_ffs", which is child of megafunction instantiation "Block1:inst|lpm_add_sub1:inst7|lpm_add_sub:lpm_add_sub_component"
Info: Elaborating entity "altshift" for hierarchy "Block1:inst|lpm_add_sub1:inst7|lpm_add_sub:lpm_add_sub_component|altshift:carry_ext_latency_ffs"
Info: Elaborated megafunction instantiation "Block1:inst|lpm_add_sub1:inst7|lpm_add_sub:lpm_add_sub_component|altshift:carry_ext_latency_ffs", which is child of megafunction instantiation "Block1:inst|lpm_add_sub1:inst7|lpm_add_sub:lpm_add_sub_component"
Warning: Using design file lpm_add_sub0.tdf, which is not specified as a design file for the current project, but contains definitions for 1 design units and 1 entities in project
    Info: Found entity 1: lpm_add_sub0
Info: Elaborating entity "lpm_add_sub0" for hierarchy "Block1:inst|lpm_add_sub0:inst3"
Info: Elaborating entity "lpm_add_sub" for hierarchy "Block1:inst|lpm_add_sub0:inst3|lpm_add_sub:lpm_add_sub_component"
Info: Elaborated megafunction instantiation "Block1:inst|lpm_add_sub0:inst3|lpm_add_sub:lpm_add_sub_component"
Info: Instantiated megafunction "Block1:inst|lpm_add_sub0:inst3|lpm_add_sub:lpm_add_sub_component" with the following parameter:
    Info: Parameter "LPM_TYPE" = "LPM_ADD_SUB"
    Info: Parameter "LPM_HINT" = "ONE_INPUT_IS_CONSTANT=YES,CIN_USED=NO"
    Info: Parameter "LPM_WIDTH" = "8"
    Info: Parameter "LPM_REPRESENTATION" = "UNSIGNED"
    Info: Parameter "LPM_DIRECTION" = "ADD"
Info: Elaborating entity "addcore" for hierarchy "Block1:inst|lpm_add_sub0:inst3|lpm_add_sub:lpm_add_sub_component|addcore:adder"
Info: Elaborated megafunction instantiation "Block1:inst|lpm_add_sub0:inst3|lpm_add_sub:lpm_add_sub_component|addcore:adder", which is child of megafunction instantiation "Block1:inst|lpm_add_sub0:inst3|lpm_add_sub:lpm_add_sub_component"
Warning: Using design file lpm_counter0.tdf, which is not specified as a design file for the current project, but contains definitions for 1 design units and 1 entities in project
    Info: Found entity 1: lpm_counter0
Info: Elaborating entity "lpm_counter0" for hierarchy "Block1:inst|lpm_counter0:inst"
Info: Elaborating entity "lpm_counter" for hierarchy "Block1:inst|lpm_counter0:inst|lpm_counter:lpm_counter_component"
Info: Elaborated megafunction instantiation "Block1:inst|lpm_counter0:inst|lpm_counter:lpm_counter_component"
Info: Instantiated megafunction "Block1:inst|lpm_counter0:inst|lpm_counter:lpm_counter_component" with the following parameter:
    Info: Parameter "LPM_TYPE" = "LPM_COUNTER"
    Info: Parameter "LPM_WIDTH" = "8"
    Info: Parameter "LPM_DIRECTION" = "UP"
    Info: Parameter "LPM_PORT_UPDOWN" = "PORT_UNUSED"
Info: Found 1 design units, including 1 entities, in source file db/cntr_9mh.tdf
    Info: Found entity 1: cntr_9mh
Info: Elaborating entity "cntr_9mh" for hierarchy "Block1:inst|lpm_counter0:inst|lpm_counter:lpm_counter_component|cntr_9mh:auto_generated"
Warning: Using design file lpm_compare0.tdf, which is not specified as a design file for the current project, but contains definitions for 1 design units and 1 entities in project
    Info: Found entity 1: lpm_compare0
Info: Elaborating entity "lpm_compare0" for hierarchy "Block1:inst|lpm_compare0:inst4"
Info: Elaborating entity "lpm_compare" for hierarchy "Block1:inst|lpm_compare0:inst4|lpm_compare:lpm_compare_component"
Info: Elaborated megafunction instantiation "Block1:inst|lpm_compare0:inst4|lpm_compare:lpm_compare_component"
Info: Instantiated megafunction "Block1:inst|lpm_compare0:inst4|lpm_compare:lpm_compare_component" with the following parameter:
    Info: Parameter "LPM_TYPE" = "LPM_COMPARE"
    Info: Parameter "LPM_WIDTH" = "8"
    Info: Parameter "LPM_REPRESENTATION" = "UNSIGNED"
Info: Found 1 design units, including 1 entities, in source file db/cmpr_i7g.tdf
    Info: Found entity 1: cmpr_i7g
Info: Elaborating entity "cmpr_i7g" for hierarchy "Block1:inst|lpm_compare0:inst4|lpm_compare:lpm_compare_component|cmpr_i7g:auto_generated"
Warning: Using design file lpm_counter2.tdf, which is not specified as a design file for the current project, but contains definitions for 1 design units and 1 entities in project
    Info: Found entity 1: lpm_counter2
Info: Elaborating entity "lpm_counter2" for hierarchy "lpm_counter2:inst4"
Info: Elaborating entity "lpm_counter" for hierarchy "lpm_counter2:inst4|lpm_counter:lpm_counter_component"
Info: Elaborated megafunction instantiation "lpm_counter2:inst4|lpm_counter:lpm_counter_component"
Info: Instantiated megafunction "lpm_counter2:inst4|lpm_counter:lpm_counter_component" with the following parameter:
    Info: Parameter "LPM_TYPE" = "LPM_COUNTER"
    Info: Parameter "LPM_WIDTH" = "4"
    Info: Parameter "LPM_DIRECTION" = "UP"
    Info: Parameter "LPM_PORT_UPDOWN" = "PORT_UNUSED"
Info: Found 1 design units, including 1 entities, in source file db/cntr_h7h.tdf
    Info: Found entity 1: cntr_h7h
Info: Elaborating entity "cntr_h7h" for hierarchy "lpm_counter2:inst4|lpm_counter:lpm_counter_component|cntr_h7h:auto_generated"
Info: Elaborating entity "Block3" for hierarchy "Block3:inst2"
Warning: Using design file lpm_decode0.tdf, which is not specified as a design file for the current project, but contains definitions for 1 design units and 1 entities in project
    Info: Found entity 1: lpm_decode0
Info: Elaborating entity "lpm_decode0" for hierarchy "Block3:inst2|lpm_decode0:inst"
Info: Elaborating entity "lpm_decode" for hierarchy "Block3:inst2|lpm_decode0:inst|lpm_decode:lpm_decode_component"
Info: Elaborated megafunction instantiation "Block3:inst2|lpm_decode0:inst|lpm_decode:lpm_decode_component"
Info: Instantiated megafunction "Block3:inst2|lpm_decode0:inst|lpm_decode:lpm_decode_component" with the following parameter:
    Info: Parameter "LPM_TYPE" = "LPM_DECODE"
    Info: Parameter "LPM_WIDTH" = "4"
    Info: Parameter "LPM_DECODES" = "16"
Info: Found 1 design units, including 1 entities, in source file db/decode_cff.tdf
    Info: Found entity 1: decode_cff
Info: Elaborating entity "decode_cff" for hierarchy "Block3:inst2|lpm_decode0:inst|lpm_decode:lpm_decode_component|decode_cff:auto_generated"
Info: Ignored 1 buffer(s)
    Info: Ignored 1 SOFT buffer(s)
Info: Found the following redundant logic cells in design
    Info (17048): Logic cell "Block1:inst|lpm_compare1:inst6|lpm_compare:lpm_compare_component|cmpr_d4g:auto_generated|op_1"
Info: Implemented 122 device resources after synthesis - the final resource count might be different
    Info: Implemented 17 input pins
    Info: Implemented 26 output pins
    Info: Implemented 79 logic cells
Info: Quartus II Analysis & Synthesis was successful. 0 errors, 10 warnings
    Info: Peak virtual memory: 271 megabytes
    Info: Processing ended: Fri Sep 28 15:00:38 2018
    Info: Elapsed time: 00:00:07
    Info: Total CPU time (on all processors): 00:00:10


